TN:
SF:src\app\layout.tsx
FN:34,RootLayout
FNF:1
FNH:0
FNDA:0,RootLayout
DA:1,0
DA:3,0
DA:4,0
DA:5,0
DA:6,0
DA:7,0
DA:9,0
DA:11,0
DA:28,0
DA:34,0
LF:10
LH:0
BRF:0
BRH:0
end_of_record
TN:
SF:src\app\page.tsx
FN:5,HomePage
FN:25,(anonymous_3)
FN:40,(anonymous_4)
FNF:3
FNH:0
FNDA:0,HomePage
FNDA:0,(anonymous_3)
FNDA:0,(anonymous_4)
DA:3,0
DA:5,0
DA:25,0
DA:40,0
LF:4
LH:0
BRF:0
BRH:0
end_of_record
TN:
SF:src\app\2fa\page.tsx
FN:27,TwoFactorPage
FN:42,(anonymous_6)
FN:49,(anonymous_7)
FN:51,(anonymous_8)
FN:52,(anonymous_9)
FN:54,(anonymous_10)
FN:59,(anonymous_11)
FN:65,(anonymous_12)
FN:78,(anonymous_13)
FN:95,(anonymous_14)
FN:119,(anonymous_15)
FN:135,(anonymous_16)
FN:140,(anonymous_17)
FN:147,(anonymous_18)
FN:256,(anonymous_19)
FN:331,(anonymous_20)
FNF:16
FNH:0
FNDA:0,TwoFactorPage
FNDA:0,(anonymous_6)
FNDA:0,(anonymous_7)
FNDA:0,(anonymous_8)
FNDA:0,(anonymous_9)
FNDA:0,(anonymous_10)
FNDA:0,(anonymous_11)
FNDA:0,(anonymous_12)
FNDA:0,(anonymous_13)
FNDA:0,(anonymous_14)
FNDA:0,(anonymous_15)
FNDA:0,(anonymous_16)
FNDA:0,(anonymous_17)
FNDA:0,(anonymous_18)
FNDA:0,(anonymous_19)
FNDA:0,(anonymous_20)
DA:3,0
DA:15,0
DA:23,0
DA:24,0
DA:27,0
DA:28,0
DA:29,0
DA:30,0
DA:32,0
DA:33,0
DA:34,0
DA:35,0
DA:36,0
DA:37,0
DA:39,0
DA:42,0
DA:43,0
DA:44,0
DA:49,0
DA:50,0
DA:51,0
DA:52,0
DA:54,0
DA:59,0
DA:60,0
DA:61,0
DA:65,0
DA:66,0
DA:67,0
DA:68,0
DA:69,0
DA:72,0
DA:73,0
DA:78,0
DA:79,0
DA:81,0
DA:82,0
DA:83,0
DA:86,0
DA:87,0
DA:89,0
DA:90,0
DA:93,0
DA:95,0
DA:97,0
DA:98,0
DA:99,0
DA:100,0
DA:101,0
DA:102,0
DA:104,0
DA:108,0
DA:109,0
DA:113,0
DA:115,0
DA:119,0
DA:120,0
DA:121,0
DA:123,0
DA:124,0
DA:125,0
DA:126,0
DA:128,0
DA:129,0
DA:131,0
DA:135,0
DA:136,0
DA:137,0
DA:140,0
DA:141,0
DA:142,0
DA:143,0
DA:147,0
DA:148,0
DA:149,0
DA:256,0
DA:333,0
LF:77
LH:0
BRDA:43,0,0,0
BRDA:43,0,1,0
BRDA:43,1,0,0
BRDA:43,1,1,0
BRDA:50,2,0,0
BRDA:50,2,1,0
BRDA:60,3,0,0
BRDA:60,3,1,0
BRDA:67,4,0,0
BRDA:67,4,1,0
BRDA:72,5,0,0
BRDA:72,5,1,0
BRDA:79,6,0,0
BRDA:79,6,1,0
BRDA:81,7,0,0
BRDA:81,7,1,0
BRDA:97,8,0,0
BRDA:97,8,1,0
BRDA:99,9,0,0
BRDA:99,9,1,0
BRDA:101,10,0,0
BRDA:101,10,1,0
BRDA:104,11,0,0
BRDA:104,11,1,0
BRDA:108,12,0,0
BRDA:108,12,1,0
BRDA:129,13,0,0
BRDA:129,13,1,0
BRDA:148,14,0,0
BRDA:148,14,1,0
BRDA:200,15,0,0
BRDA:213,16,0,0
BRDA:213,16,1,0
BRDA:234,17,0,0
BRDA:257,18,0,0
BRDA:257,18,1,0
BRDA:257,18,2,0
BRDA:273,19,0,0
BRDA:273,19,1,0
BRDA:292,20,0,0
BRDA:292,20,1,0
BRDA:294,21,0,0
BRDA:294,21,1,0
BRDA:305,22,0,0
BRDA:305,22,1,0
BRDA:313,23,0,0
BRDA:317,24,0,0
BRF:47
BRH:0
end_of_record
TN:
SF:src\app\dashboard\page.tsx
FN:14,DashboardPage
FN:19,(anonymous_6)
FN:23,(anonymous_7)
FN:68,(anonymous_8)
FNF:4
FNH:0
FNDA:0,DashboardPage
FNDA:0,(anonymous_6)
FNDA:0,(anonymous_7)
FNDA:0,(anonymous_8)
DA:3,0
DA:4,0
DA:5,0
DA:6,0
DA:7,0
DA:8,0
DA:9,0
DA:10,0
DA:11,0
DA:12,0
DA:14,0
DA:15,0
DA:16,0
DA:17,0
DA:19,0
DA:20,0
DA:23,0
DA:24,0
DA:25,0
DA:26,0
DA:27,0
DA:28,0
DA:31,0
DA:32,0
DA:35,0
DA:36,0
DA:37,0
DA:38,0
DA:39,0
DA:40,0
DA:41,0
DA:43,0
DA:44,0
DA:45,0
DA:47,0
DA:48,0
DA:51,0
DA:52,0
DA:55,0
DA:56,0
DA:60,0
DA:61,0
DA:62,0
DA:64,0
DA:68,0
DA:69,0
DA:70,0
DA:71,0
DA:72,0
DA:74,0
DA:75,0
DA:79,0
DA:104,0
DA:105,0
LF:54
LH:0
BRDA:26,0,0,0
BRDA:26,0,1,0
BRDA:35,1,0,0
BRDA:35,1,1,0
BRDA:38,2,0,0
BRDA:38,2,1,0
BRDA:41,3,0,0
BRDA:41,3,1,0
BRDA:45,4,0,0
BRDA:45,4,1,0
BRDA:79,5,0,0
BRDA:79,5,1,0
BRDA:104,6,0,0
BRDA:104,6,1,0
BRF:14
BRH:0
end_of_record
TN:
SF:src\app\dashboard\admin\page.tsx
FN:77,TabPanel
FN:93,AdminDashboard
FN:112,(anonymous_7)
FN:116,(anonymous_8)
FN:154,(anonymous_9)
FN:170,(anonymous_10)
FN:174,(anonymous_11)
FN:181,(anonymous_12)
FN:182,(anonymous_13)
FN:351,(anonymous_14)
FN:384,(anonymous_15)
FN:385,(anonymous_16)
FN:390,(anonymous_17)
FN:440,(anonymous_18)
FN:473,(anonymous_19)
FN:478,(anonymous_20)
FN:539,(anonymous_21)
FN:596,(anonymous_22)
FN:652,(anonymous_23)
FNF:19
FNH:0
FNDA:0,TabPanel
FNDA:0,AdminDashboard
FNDA:0,(anonymous_7)
FNDA:0,(anonymous_8)
FNDA:0,(anonymous_9)
FNDA:0,(anonymous_10)
FNDA:0,(anonymous_11)
FNDA:0,(anonymous_12)
FNDA:0,(anonymous_13)
FNDA:0,(anonymous_14)
FNDA:0,(anonymous_15)
FNDA:0,(anonymous_16)
FNDA:0,(anonymous_17)
FNDA:0,(anonymous_18)
FNDA:0,(anonymous_19)
FNDA:0,(anonymous_20)
FNDA:0,(anonymous_21)
FNDA:0,(anonymous_22)
FNDA:0,(anonymous_23)
DA:3,0
DA:35,0
DA:53,0
DA:54,0
DA:55,0
DA:56,0
DA:67,0
DA:68,0
DA:78,0
DA:93,0
DA:94,0
DA:95,0
DA:96,0
DA:97,0
DA:98,0
DA:99,0
DA:100,0
DA:101,0
DA:102,0
DA:103,0
DA:104,0
DA:105,0
DA:112,0
DA:113,0
DA:116,0
DA:117,0
DA:118,0
DA:119,0
DA:129,0
DA:138,0
DA:139,0
DA:140,0
DA:141,0
DA:142,0
DA:143,0
DA:146,0
DA:154,0
DA:161,0
DA:163,0
DA:164,0
DA:166,0
DA:170,0
DA:171,0
DA:174,0
DA:175,0
DA:181,0
DA:182,0
DA:185,0
DA:199,0
DA:351,0
DA:384,0
DA:386,0
DA:391,0
DA:440,0
DA:474,0
DA:479,0
DA:540,0
DA:597,0
DA:653,0
LF:59
LH:0
BRDA:88,0,0,0
BRDA:142,1,0,0
BRDA:142,1,1,0
BRDA:142,2,0,0
BRDA:142,2,1,0
BRDA:143,3,0,0
BRDA:143,3,1,0
BRDA:143,4,0,0
BRDA:143,4,1,0
BRDA:154,5,0,0
BRDA:154,5,1,0
BRDA:185,6,0,0
BRDA:185,6,1,0
BRDA:199,7,0,0
BRDA:199,7,1,0
BRDA:235,8,0,0
BRDA:235,8,1,0
BRDA:244,9,0,0
BRDA:244,9,1,0
BRDA:253,10,0,0
BRDA:253,10,1,0
BRDA:262,11,0,0
BRDA:262,11,1,0
BRDA:285,12,0,0
BRDA:285,12,1,0
BRDA:292,13,0,0
BRDA:292,13,1,0
BRDA:293,14,0,0
BRDA:293,14,1,0
BRDA:305,15,0,0
BRDA:305,15,1,0
BRDA:312,16,0,0
BRDA:312,16,1,0
BRDA:386,17,0,0
BRDA:386,17,1,0
BRDA:386,17,2,0
BRDA:406,18,0,0
BRDA:406,18,1,0
BRDA:407,19,0,0
BRDA:407,19,1,0
BRDA:413,20,0,0
BRDA:413,20,1,0
BRDA:474,21,0,0
BRDA:474,21,1,0
BRDA:474,21,2,0
BRDA:491,22,0,0
BRDA:491,22,1,0
BRDA:498,23,0,0
BRDA:498,23,1,0
BRDA:499,24,0,0
BRDA:499,24,1,0
BRDA:505,25,0,0
BRDA:505,25,1,0
BRDA:506,26,0,0
BRDA:506,26,1,0
BRDA:562,27,0,0
BRDA:562,27,1,0
BRDA:563,28,0,0
BRDA:563,28,1,0
BRDA:608,29,0,0
BRDA:608,29,1,0
BRDA:609,30,0,0
BRDA:609,30,1,0
BRDA:634,31,0,0
BRDA:704,32,0,0
BRF:65
BRH:0
end_of_record
TN:
SF:src\app\dashboard\aluno\page.tsx
FN:62,TabPanel
FN:78,StudentDashboard
FN:92,(anonymous_7)
FN:96,(anonymous_8)
FN:148,(anonymous_9)
FN:152,(anonymous_10)
FN:156,(anonymous_11)
FN:372,(anonymous_12)
FN:420,(anonymous_13)
FN:469,(anonymous_14)
FNF:10
FNH:0
FNDA:0,TabPanel
FNDA:0,StudentDashboard
FNDA:0,(anonymous_7)
FNDA:0,(anonymous_8)
FNDA:0,(anonymous_9)
FNDA:0,(anonymous_10)
FNDA:0,(anonymous_11)
FNDA:0,(anonymous_12)
FNDA:0,(anonymous_13)
FNDA:0,(anonymous_14)
DA:3,0
DA:31,0
DA:50,0
DA:51,0
DA:52,0
DA:53,0
DA:54,0
DA:63,0
DA:78,0
DA:79,0
DA:80,0
DA:81,0
DA:82,0
DA:85,0
DA:86,0
DA:87,0
DA:88,0
DA:89,0
DA:90,0
DA:92,0
DA:93,0
DA:96,0
DA:97,0
DA:99,0
DA:100,0
DA:101,0
DA:109,0
DA:116,0
DA:117,0
DA:120,0
DA:128,0
DA:132,0
DA:136,0
DA:141,0
DA:142,0
DA:144,0
DA:148,0
DA:149,0
DA:152,0
DA:153,0
DA:156,0
DA:157,0
DA:163,0
DA:177,0
DA:373,0
DA:421,0
DA:470,0
LF:47
LH:0
BRDA:73,0,0,0
BRDA:97,1,0,0
BRDA:97,1,1,0
BRDA:163,2,0,0
BRDA:163,2,1,0
BRDA:177,3,0,0
BRDA:177,3,1,0
BRDA:209,4,0,0
BRDA:223,5,0,0
BRDA:223,5,1,0
BRDA:224,6,0,0
BRDA:224,6,1,0
BRDA:243,7,0,0
BRDA:243,7,1,0
BRDA:253,8,0,0
BRDA:253,8,1,0
BRDA:263,9,0,0
BRDA:276,10,0,0
BRDA:276,10,1,0
BRDA:281,11,0,0
BRDA:281,11,1,0
BRDA:281,12,0,0
BRDA:281,12,1,0
BRDA:318,13,0,0
BRDA:318,13,1,0
BRDA:322,14,0,0
BRDA:322,14,1,0
BRDA:326,15,0,0
BRDA:326,15,1,0
BRDA:384,16,0,0
BRDA:384,16,1,0
BRDA:398,17,0,0
BRDA:398,17,1,0
BRDA:430,18,0,0
BRDA:430,18,1,0
BRDA:432,19,0,0
BRDA:432,19,1,0
BRDA:437,20,0,0
BRDA:437,20,1,0
BRDA:504,21,0,0
BRDA:509,22,0,0
BRDA:509,22,1,0
BRDA:514,23,0,0
BRDA:514,23,1,0
BRDA:515,24,0,0
BRDA:515,24,1,0
BRDA:521,25,0,0
BRDA:521,25,1,0
BRF:48
BRH:0
end_of_record
TN:
SF:src\app\dashboard\calculadoras\page.tsx
FN:58,CalculadorasPage
FN:67,(anonymous_6)
FN:81,(anonymous_7)
FN:87,(anonymous_8)
FN:103,(anonymous_9)
FN:106,(anonymous_10)
FN:112,(anonymous_11)
FN:120,(anonymous_12)
FN:128,(anonymous_13)
FN:145,(anonymous_14)
FN:170,(anonymous_15)
FN:214,PlanCalculatorWrapper
FN:231,CoachMatcherWrapper
FNF:13
FNH:0
FNDA:0,CalculadorasPage
FNDA:0,(anonymous_6)
FNDA:0,(anonymous_7)
FNDA:0,(anonymous_8)
FNDA:0,(anonymous_9)
FNDA:0,(anonymous_10)
FNDA:0,(anonymous_11)
FNDA:0,(anonymous_12)
FNDA:0,(anonymous_13)
FNDA:0,(anonymous_14)
FNDA:0,(anonymous_15)
FNDA:0,PlanCalculatorWrapper
FNDA:0,CoachMatcherWrapper
DA:3,0
DA:15,0
DA:21,0
DA:22,0
DA:23,0
DA:24,0
DA:26,0
DA:40,0
DA:58,0
DA:59,0
DA:60,0
DA:61,0
DA:62,0
DA:67,0
DA:68,0
DA:76,0
DA:77,0
DA:80,0
DA:81,0
DA:82,0
DA:87,0
DA:89,0
DA:91,0
DA:92,0
DA:94,0
DA:96,0
DA:97,0
DA:98,0
DA:102,0
DA:103,0
DA:106,0
DA:107,0
DA:108,0
DA:112,0
DA:113,0
DA:116,0
DA:117,0
DA:120,0
DA:128,0
DA:129,0
DA:132,0
DA:133,0
DA:136,0
DA:140,0
DA:141,0
DA:142,0
DA:145,0
DA:146,0
DA:147,0
DA:148,0
DA:149,0
DA:150,0
DA:171,0
LF:53
LH:0
BRDA:80,0,0,0
BRDA:80,0,1,0
BRDA:80,1,0,0
BRDA:80,1,1,0
BRDA:94,2,0,0
BRDA:94,2,1,0
BRDA:94,3,0,0
BRDA:94,3,1,0
BRDA:140,4,0,0
BRDA:140,4,1,0
BRDA:140,5,0,0
BRDA:140,5,1,0
BRDA:146,6,0,0
BRDA:146,6,1,0
BRDA:146,6,2,0
BRDA:146,6,3,0
BRDA:199,7,0,0
BRDA:203,8,0,0
BRF:18
BRH:0
end_of_record
TN:
SF:src\app\dashboard\coach\page.tsx
FN:69,TabPanel
FN:89,CoachDashboard
FN:105,(anonymous_7)
FN:120,(anonymous_8)
FN:141,(anonymous_9)
FN:172,(anonymous_10)
FN:179,(anonymous_11)
FN:184,(anonymous_12)
FN:323,(anonymous_13)
FN:407,(anonymous_14)
FN:508,(anonymous_15)
FNF:11
FNH:0
FNDA:0,TabPanel
FNDA:0,CoachDashboard
FNDA:0,(anonymous_7)
FNDA:0,(anonymous_8)
FNDA:0,(anonymous_9)
FNDA:0,(anonymous_10)
FNDA:0,(anonymous_11)
FNDA:0,(anonymous_12)
FNDA:0,(anonymous_13)
FNDA:0,(anonymous_14)
FNDA:0,(anonymous_15)
DA:3,0
DA:32,0
DA:53,0
DA:54,0
DA:55,0
DA:56,0
DA:57,0
DA:60,0
DA:61,0
DA:70,0
DA:89,0
DA:90,0
DA:91,0
DA:92,0
DA:93,0
DA:94,0
DA:97,0
DA:98,0
DA:99,0
DA:100,0
DA:101,0
DA:102,0
DA:105,0
DA:106,0
DA:107,0
DA:108,0
DA:111,0
DA:112,0
DA:113,0
DA:117,0
DA:120,0
DA:121,0
DA:123,0
DA:124,0
DA:125,0
DA:133,0
DA:141,0
DA:142,0
DA:151,0
DA:154,0
DA:156,0
DA:157,0
DA:158,0
DA:161,0
DA:162,0
DA:165,0
DA:166,0
DA:168,0
DA:172,0
DA:173,0
DA:179,0
DA:180,0
DA:181,0
DA:184,0
DA:185,0
DA:188,0
DA:189,0
DA:192,0
DA:204,0
DA:323,0
DA:408,0
DA:508,0
LF:62
LH:0
BRDA:80,0,0,0
BRDA:106,1,0,0
BRDA:106,1,1,0
BRDA:106,2,0,0
BRDA:106,2,1,0
BRDA:111,3,0,0
BRDA:111,3,1,0
BRDA:121,4,0,0
BRDA:121,4,1,0
BRDA:142,5,0,0
BRDA:142,5,1,0
BRDA:143,6,0,0
BRDA:143,6,1,0
BRDA:144,7,0,0
BRDA:144,7,1,0
BRDA:145,8,0,0
BRDA:145,8,1,0
BRDA:146,9,0,0
BRDA:146,9,1,0
BRDA:147,10,0,0
BRDA:147,10,1,0
BRDA:148,11,0,0
BRDA:148,11,1,0
BRDA:188,12,0,0
BRDA:188,12,1,0
BRDA:192,13,0,0
BRDA:192,13,1,0
BRDA:204,14,0,0
BRDA:204,14,1,0
BRDA:242,15,0,0
BRDA:242,15,1,0
BRDA:242,16,0,0
BRDA:242,16,1,0
BRDA:259,17,0,0
BRDA:259,17,1,0
BRDA:276,18,0,0
BRDA:276,18,1,0
BRDA:278,19,0,0
BRDA:278,19,1,0
BRDA:280,20,0,0
BRDA:280,20,1,0
BRDA:294,21,0,0
BRDA:294,21,1,0
BRDA:330,22,0,0
BRDA:330,22,1,0
BRDA:352,23,0,0
BRDA:352,23,1,0
BRDA:354,24,0,0
BRDA:354,24,1,0
BRDA:356,25,0,0
BRDA:356,25,1,0
BRDA:361,26,0,0
BRDA:361,26,1,0
BRDA:364,27,0,0
BRDA:364,27,1,0
BRDA:367,28,0,0
BRDA:367,28,1,0
BRDA:419,29,0,0
BRDA:419,29,1,0
BRDA:426,30,0,0
BRDA:426,30,1,0
BRDA:427,31,0,0
BRDA:427,31,1,0
BRDA:432,32,0,0
BRDA:432,32,1,0
BRDA:438,33,0,0
BRDA:438,33,1,0
BRDA:441,34,0,0
BRDA:441,34,1,0
BRDA:469,35,0,0
BRDA:469,35,1,0
BRDA:479,36,0,0
BRDA:479,36,1,0
BRDA:489,37,0,0
BRDA:489,37,1,0
BRDA:498,38,0,0
BRDA:536,39,0,0
BRDA:543,40,0,0
BRDA:564,41,0,0
BRDA:564,41,1,0
BRDA:572,42,0,0
BRDA:572,42,1,0
BRDA:580,43,0,0
BRDA:580,43,1,0
BRF:84
BRH:0
end_of_record
TN:
SF:src\app\dashboard\personal-earnings\page.tsx
FN:50,TabPanel
FN:70,PersonalEarningsPage
FN:90,(anonymous_7)
FN:94,(anonymous_8)
FN:138,(anonymous_9)
FN:177,(anonymous_10)
FN:181,(anonymous_11)
FN:194,(anonymous_12)
FN:207,(anonymous_13)
FN:214,(anonymous_14)
FN:303,(anonymous_15)
FN:313,(anonymous_16)
FN:341,(anonymous_17)
FN:367,(anonymous_18)
FN:372,(anonymous_19)
FN:382,(anonymous_20)
FN:428,(anonymous_21)
FNF:17
FNH:0
FNDA:0,TabPanel
FNDA:0,PersonalEarningsPage
FNDA:0,(anonymous_7)
FNDA:0,(anonymous_8)
FNDA:0,(anonymous_9)
FNDA:0,(anonymous_10)
FNDA:0,(anonymous_11)
FNDA:0,(anonymous_12)
FNDA:0,(anonymous_13)
FNDA:0,(anonymous_14)
FNDA:0,(anonymous_15)
FNDA:0,(anonymous_16)
FNDA:0,(anonymous_17)
FNDA:0,(anonymous_18)
FNDA:0,(anonymous_19)
FNDA:0,(anonymous_20)
FNDA:0,(anonymous_21)
DA:3,0
DA:29,0
DA:38,0
DA:39,0
DA:40,0
DA:41,0
DA:42,0
DA:51,0
DA:70,0
DA:71,0
DA:72,0
DA:73,0
DA:74,0
DA:75,0
DA:76,0
DA:79,0
DA:80,0
DA:81,0
DA:82,0
DA:90,0
DA:91,0
DA:94,0
DA:95,0
DA:97,0
DA:98,0
DA:99,0
DA:102,0
DA:103,0
DA:104,0
DA:105,0
DA:112,0
DA:119,0
DA:120,0
DA:121,0
DA:122,0
DA:123,0
DA:124,0
DA:126,0
DA:134,0
DA:137,0
DA:138,0
DA:147,0
DA:150,0
DA:156,0
DA:157,0
DA:158,0
DA:159,0
DA:161,0
DA:170,0
DA:171,0
DA:173,0
DA:177,0
DA:178,0
DA:181,0
DA:182,0
DA:184,0
DA:186,0
DA:188,0
DA:190,0
DA:194,0
DA:195,0
DA:197,0
DA:199,0
DA:201,0
DA:203,0
DA:207,0
DA:208,0
DA:214,0
DA:215,0
DA:218,0
DA:226,0
DA:303,0
DA:313,0
DA:341,0
DA:367,0
DA:373,0
DA:383,0
DA:429,0
LF:78
LH:0
BRDA:61,0,0,0
BRDA:95,1,0,0
BRDA:95,1,1,0
BRDA:104,2,0,0
BRDA:104,2,1,0
BRDA:104,3,0,0
BRDA:104,3,1,0
BRDA:120,4,0,0
BRDA:120,4,1,0
BRDA:120,5,0,0
BRDA:120,5,1,0
BRDA:137,6,0,0
BRDA:137,6,1,0
BRDA:140,7,0,0
BRDA:140,7,1,0
BRDA:141,8,0,0
BRDA:141,8,1,0
BRDA:143,9,0,0
BRDA:143,9,1,0
BRDA:144,10,0,0
BRDA:144,10,1,0
BRDA:156,11,0,0
BRDA:156,11,1,0
BRDA:159,12,0,0
BRDA:159,12,1,0
BRDA:182,13,0,0
BRDA:182,13,1,0
BRDA:182,13,2,0
BRDA:182,13,3,0
BRDA:195,14,0,0
BRDA:195,14,1,0
BRDA:195,14,2,0
BRDA:195,14,3,0
BRDA:218,15,0,0
BRDA:218,15,1,0
BRDA:226,16,0,0
BRDA:226,16,1,0
BRDA:269,17,0,0
BRDA:269,17,1,0
BRDA:269,18,0,0
BRDA:269,18,1,0
BRDA:336,19,0,0
BRDA:428,20,0,0
BRF:43
BRH:0
end_of_record
TN:
SF:src\app\forgot-password\page.tsx
FN:27,ForgotPasswordPage
FN:38,(anonymous_6)
FN:44,(anonymous_7)
FN:49,(anonymous_8)
FN:85,(anonymous_9)
FN:89,(anonymous_10)
FNF:6
FNH:0
FNDA:0,ForgotPasswordPage
FNDA:0,(anonymous_6)
FNDA:0,(anonymous_7)
FNDA:0,(anonymous_8)
FNDA:0,(anonymous_9)
FNDA:0,(anonymous_10)
DA:3,0
DA:16,0
DA:23,0
DA:24,0
DA:27,0
DA:28,0
DA:29,0
DA:30,0
DA:32,0
DA:33,0
DA:34,0
DA:35,0
DA:38,0
DA:39,0
DA:40,0
DA:44,0
DA:45,0
DA:46,0
DA:49,0
DA:50,0
DA:51,0
DA:52,0
DA:54,0
DA:56,0
DA:57,0
DA:58,0
DA:61,0
DA:62,0
DA:63,0
DA:67,0
DA:68,0
DA:70,0
DA:73,0
DA:74,0
DA:75,0
DA:76,0
DA:78,0
DA:81,0
DA:85,0
DA:86,0
DA:89,0
DA:90,0
DA:92,0
DA:93,0
DA:94,0
DA:95,0
DA:97,0
DA:99,0
DA:103,0
LF:49
LH:0
BRDA:39,0,0,0
BRDA:39,0,1,0
BRDA:56,1,0,0
BRDA:56,1,1,0
BRDA:61,2,0,0
BRDA:61,2,1,0
BRDA:73,3,0,0
BRDA:73,3,1,0
BRDA:75,4,0,0
BRDA:75,4,1,0
BRDA:90,5,0,0
BRDA:90,5,1,0
BRDA:103,6,0,0
BRDA:103,6,1,0
BRDA:155,7,0,0
BRDA:155,7,1,0
BRDA:222,8,0,0
BRDA:257,9,0,0
BRDA:257,9,1,0
BRDA:274,10,0,0
BRF:20
BRH:0
end_of_record
TN:
SF:src\app\login\page.tsx
FN:33,LoginPage
FN:48,(anonymous_6)
FN:54,(anonymous_7)
FN:54,(anonymous_8)
FN:57,(anonymous_9)
FN:64,(anonymous_10)
FN:96,(anonymous_11)
FN:125,(anonymous_12)
FN:129,(anonymous_13)
FN:244,(anonymous_14)
FNF:10
FNH:0
FNDA:0,LoginPage
FNDA:0,(anonymous_6)
FNDA:0,(anonymous_7)
FNDA:0,(anonymous_8)
FNDA:0,(anonymous_9)
FNDA:0,(anonymous_10)
FNDA:0,(anonymous_11)
FNDA:0,(anonymous_12)
FNDA:0,(anonymous_13)
FNDA:0,(anonymous_14)
DA:3,0
DA:19,0
DA:28,0
DA:29,0
DA:33,0
DA:34,0
DA:35,0
DA:36,0
DA:38,0
DA:42,0
DA:43,0
DA:44,0
DA:45,0
DA:48,0
DA:49,0
DA:50,0
DA:54,0
DA:57,0
DA:61,0
DA:64,0
DA:65,0
DA:66,0
DA:67,0
DA:68,0
DA:70,0
DA:72,0
DA:73,0
DA:74,0
DA:77,0
DA:78,0
DA:79,0
DA:82,0
DA:83,0
DA:84,0
DA:88,0
DA:89,0
DA:95,0
DA:96,0
DA:100,0
DA:106,0
DA:109,0
DA:110,0
DA:111,0
DA:112,0
DA:113,0
DA:114,0
DA:116,0
DA:120,0
DA:121,0
DA:125,0
DA:126,0
DA:129,0
DA:130,0
DA:134,0
DA:244,0
LF:55
LH:0
BRDA:49,0,0,0
BRDA:49,0,1,0
BRDA:49,1,0,0
BRDA:49,1,1,0
BRDA:72,2,0,0
BRDA:72,2,1,0
BRDA:72,3,0,0
BRDA:72,3,1,0
BRDA:77,4,0,0
BRDA:77,4,1,0
BRDA:82,5,0,0
BRDA:82,5,1,0
BRDA:109,6,0,0
BRDA:109,6,1,0
BRDA:111,7,0,0
BRDA:111,7,1,0
BRDA:113,8,0,0
BRDA:113,8,1,0
BRDA:116,9,0,0
BRDA:116,9,1,0
BRDA:134,10,0,0
BRDA:134,10,1,0
BRDA:168,11,0,0
BRDA:168,11,1,0
BRDA:200,12,0,0
BRDA:216,13,0,0
BRDA:216,13,1,0
BRDA:222,14,0,0
BRDA:222,14,1,0
BRDA:231,15,0,0
BRDA:231,15,1,0
BRDA:238,16,0,0
BRDA:238,16,1,0
BRDA:247,17,0,0
BRDA:247,17,1,0
BRDA:249,18,0,0
BRDA:249,18,1,0
BRDA:256,19,0,0
BRDA:256,19,1,0
BRDA:271,20,0,0
BRDA:271,20,1,0
BRDA:290,21,0,0
BRDA:290,21,1,0
BRDA:295,22,0,0
BRDA:295,22,1,0
BRDA:296,23,0,0
BRDA:296,23,1,0
BRDA:304,24,0,0
BRDA:304,24,1,0
BRDA:335,25,0,0
BRDA:335,25,1,0
BRDA:414,26,0,0
BRDA:414,26,1,0
BRDA:428,27,0,0
BRDA:440,28,0,0
BRDA:440,28,1,0
BRF:56
BRH:0
end_of_record
TN:
SF:src\app\onboarding\page.tsx
FN:15,OnboardingPage
FN:20,(anonymous_6)
FNF:2
FNH:0
FNDA:0,OnboardingPage
FNDA:0,(anonymous_6)
DA:3,0
DA:4,0
DA:5,0
DA:6,0
DA:12,0
DA:15,0
DA:16,0
DA:17,0
DA:18,0
DA:20,0
DA:21,0
DA:22,0
DA:23,0
DA:27,0
DA:28,0
DA:29,0
DA:33,0
DA:39,0
DA:40,0
LF:19
LH:0
BRDA:21,0,0,0
BRDA:21,0,1,0
BRDA:21,1,0,0
BRDA:21,1,1,0
BRDA:27,2,0,0
BRDA:27,2,1,0
BRDA:39,3,0,0
BRDA:39,3,1,0
BRF:8
BRH:0
end_of_record
TN:
SF:src\app\onboarding\checkout\page.tsx
FN:55,CheckoutPage
FN:81,(anonymous_6)
FN:86,(anonymous_7)
FN:118,(anonymous_8)
FN:144,(anonymous_9)
FN:149,(anonymous_10)
FN:154,(anonymous_11)
FN:175,(anonymous_12)
FN:180,(anonymous_13)
FN:186,(anonymous_14)
FN:193,(anonymous_15)
FN:247,(anonymous_16)
FN:260,(anonymous_17)
FN:264,(anonymous_18)
FN:271,(anonymous_19)
FN:311,(anonymous_20)
FN:442,(anonymous_21)
FN:486,(anonymous_22)
FN:505,(anonymous_23)
FN:545,(anonymous_24)
FN:592,(anonymous_25)
FN:592,(anonymous_26)
FN:601,(anonymous_27)
FN:601,(anonymous_28)
FN:611,(anonymous_29)
FN:611,(anonymous_30)
FN:621,(anonymous_31)
FN:621,(anonymous_32)
FN:631,(anonymous_33)
FN:631,(anonymous_34)
FNF:30
FNH:0
FNDA:0,CheckoutPage
FNDA:0,(anonymous_6)
FNDA:0,(anonymous_7)
FNDA:0,(anonymous_8)
FNDA:0,(anonymous_9)
FNDA:0,(anonymous_10)
FNDA:0,(anonymous_11)
FNDA:0,(anonymous_12)
FNDA:0,(anonymous_13)
FNDA:0,(anonymous_14)
FNDA:0,(anonymous_15)
FNDA:0,(anonymous_16)
FNDA:0,(anonymous_17)
FNDA:0,(anonymous_18)
FNDA:0,(anonymous_19)
FNDA:0,(anonymous_20)
FNDA:0,(anonymous_21)
FNDA:0,(anonymous_22)
FNDA:0,(anonymous_23)
FNDA:0,(anonymous_24)
FNDA:0,(anonymous_25)
FNDA:0,(anonymous_26)
FNDA:0,(anonymous_27)
FNDA:0,(anonymous_28)
FNDA:0,(anonymous_29)
FNDA:0,(anonymous_30)
FNDA:0,(anonymous_31)
FNDA:0,(anonymous_32)
FNDA:0,(anonymous_33)
FNDA:0,(anonymous_34)
DA:3,0
DA:29,0
DA:30,0
DA:31,0
DA:41,0
DA:42,0
DA:43,0
DA:55,0
DA:56,0
DA:57,0
DA:58,0
DA:60,0
DA:61,0
DA:62,0
DA:63,0
DA:64,0
DA:65,0
DA:66,0
DA:67,0
DA:68,0
DA:69,0
DA:70,0
DA:77,0
DA:78,0
DA:81,0
DA:82,0
DA:86,0
DA:87,0
DA:88,0
DA:89,0
DA:92,0
DA:93,0
DA:94,0
DA:98,0
DA:99,0
DA:100,0
DA:104,0
DA:105,0
DA:107,0
DA:108,0
DA:109,0
DA:112,0
DA:113,0
DA:114,0
DA:118,0
DA:119,0
DA:120,0
DA:121,0
DA:124,0
DA:131,0
DA:132,0
DA:134,0
DA:135,0
DA:136,0
DA:139,0
DA:140,0
DA:141,0
DA:143,0
DA:144,0
DA:145,0
DA:148,0
DA:149,0
DA:150,0
DA:153,0
DA:154,0
DA:155,0
DA:159,0
DA:160,0
DA:163,0
DA:164,0
DA:168,0
DA:169,0
DA:171,0
DA:175,0
DA:176,0
DA:177,0
DA:180,0
DA:181,0
DA:182,0
DA:183,0
DA:186,0
DA:187,0
DA:188,0
DA:189,0
DA:190,0
DA:193,0
DA:194,0
DA:195,0
DA:196,0
DA:199,0
DA:200,0
DA:201,0
DA:203,0
DA:205,0
DA:206,0
DA:208,0
DA:209,0
DA:214,0
DA:233,0
DA:235,0
DA:238,0
DA:239,0
DA:240,0
DA:241,0
DA:242,0
DA:243,0
DA:244,0
DA:247,0
DA:248,0
DA:253,0
DA:254,0
DA:256,0
DA:260,0
DA:261,0
DA:264,0
DA:265,0
DA:271,0
DA:272,0
DA:273,0
DA:274,0
DA:275,0
DA:276,0
DA:280,0
DA:296,0
DA:311,0
DA:442,0
DA:487,0
DA:505,0
DA:545,0
DA:592,0
DA:601,0
DA:611,0
DA:621,0
DA:631,0
LF:134
LH:0
BRDA:87,0,0,0
BRDA:87,0,1,0
BRDA:87,1,0,0
BRDA:87,1,1,0
BRDA:92,2,0,0
BRDA:92,2,1,0
BRDA:98,3,0,0
BRDA:98,3,1,0
BRDA:107,4,0,0
BRDA:107,4,1,0
BRDA:112,5,0,0
BRDA:112,5,1,0
BRDA:131,6,0,0
BRDA:131,6,1,0
BRDA:131,7,0,0
BRDA:131,7,1,0
BRDA:132,8,0,0
BRDA:132,8,1,0
BRDA:132,9,0,0
BRDA:132,9,1,0
BRDA:143,10,0,0
BRDA:143,10,1,0
BRDA:145,11,0,0
BRDA:145,11,1,0
BRDA:148,12,0,0
BRDA:148,12,1,0
BRDA:150,13,0,0
BRDA:150,13,1,0
BRDA:153,14,0,0
BRDA:153,14,1,0
BRDA:155,15,0,0
BRDA:155,15,1,0
BRDA:159,16,0,0
BRDA:159,16,1,0
BRDA:159,17,0,0
BRDA:159,17,1,0
BRDA:163,18,0,0
BRDA:163,18,1,0
BRDA:163,19,0,0
BRDA:163,19,1,0
BRDA:176,20,0,0
BRDA:176,20,1,0
BRDA:177,21,0,0
BRDA:177,21,1,0
BRDA:181,22,0,0
BRDA:181,22,1,0
BRDA:182,23,0,0
BRDA:182,23,1,0
BRDA:194,24,0,0
BRDA:194,24,1,0
BRDA:194,25,0,0
BRDA:194,25,1,0
BRDA:194,25,2,0
BRDA:205,26,0,0
BRDA:205,26,1,0
BRDA:206,27,0,0
BRDA:206,27,1,0
BRDA:206,28,0,0
BRDA:206,28,1,0
BRDA:206,28,2,0
BRDA:206,28,3,0
BRDA:206,28,4,0
BRDA:221,29,0,0
BRDA:221,29,1,0
BRDA:228,30,0,0
BRDA:228,30,1,0
BRDA:238,31,0,0
BRDA:238,31,1,0
BRDA:254,32,0,0
BRDA:254,32,1,0
BRDA:272,33,0,0
BRDA:272,33,1,0
BRDA:272,33,2,0
BRDA:272,33,3,0
BRDA:280,34,0,0
BRDA:280,34,1,0
BRDA:296,35,0,0
BRDA:296,35,1,0
BRDA:296,36,0,0
BRDA:296,36,1,0
BRDA:365,37,0,0
BRDA:373,38,0,0
BRDA:376,39,0,0
BRDA:385,40,0,0
BRDA:385,40,1,0
BRDA:388,41,0,0
BRDA:388,41,1,0
BRDA:395,42,0,0
BRDA:407,43,0,0
BRDA:422,44,0,0
BRDA:460,45,0,0
BRDA:469,46,0,0
BRDA:477,47,0,0
BRDA:509,48,0,0
BRDA:509,48,1,0
BRDA:512,49,0,0
BRDA:512,49,1,0
BRDA:515,50,0,0
BRDA:515,50,1,0
BRDA:516,51,0,0
BRDA:526,52,0,0
BRDA:526,52,1,0
BRDA:527,53,0,0
BRDA:580,54,0,0
BRDA:661,55,0,0
BRDA:672,56,0,0
BRDA:698,57,0,0
BRDA:698,57,1,0
BRDA:701,58,0,0
BRDA:701,58,1,0
BRF:110
BRH:0
end_of_record
TN:
SF:src\app\onboarding\coach-profile\page.tsx
FN:44,CoachProfilePage
FN:61,(anonymous_6)
FN:81,(anonymous_7)
FN:81,(anonymous_8)
FN:84,(anonymous_9)
FN:90,(anonymous_10)
FN:91,(anonymous_11)
FN:94,(anonymous_12)
FN:99,(anonymous_13)
FN:234,(anonymous_14)
FN:238,(anonymous_15)
FNF:11
FNH:0
FNDA:0,CoachProfilePage
FNDA:0,(anonymous_6)
FNDA:0,(anonymous_7)
FNDA:0,(anonymous_8)
FNDA:0,(anonymous_9)
FNDA:0,(anonymous_10)
FNDA:0,(anonymous_11)
FNDA:0,(anonymous_12)
FNDA:0,(anonymous_13)
FNDA:0,(anonymous_14)
FNDA:0,(anonymous_15)
DA:3,0
DA:20,0
DA:21,0
DA:22,0
DA:23,0
DA:24,0
DA:31,0
DA:44,0
DA:45,0
DA:46,0
DA:47,0
DA:49,0
DA:50,0
DA:61,0
DA:62,0
DA:63,0
DA:64,0
DA:67,0
DA:68,0
DA:69,0
DA:73,0
DA:74,0
DA:75,0
DA:81,0
DA:84,0
DA:90,0
DA:91,0
DA:94,0
DA:99,0
DA:100,0
DA:102,0
DA:104,0
DA:105,0
DA:108,0
DA:111,0
DA:113,0
DA:117,0
DA:235,0
DA:238,0
LF:39
LH:0
BRDA:62,0,0,0
BRDA:62,0,1,0
BRDA:62,1,0,0
BRDA:62,1,1,0
BRDA:67,2,0,0
BRDA:67,2,1,0
BRDA:73,3,0,0
BRDA:73,3,1,0
BRDA:93,4,0,0
BRDA:93,4,1,0
BRDA:117,5,0,0
BRDA:117,5,1,0
BRDA:117,5,2,0
BRDA:239,6,0,0
BRDA:239,6,1,0
BRDA:240,7,0,0
BRDA:240,7,1,0
BRDA:298,8,0,0
BRDA:298,8,1,0
BRDA:313,9,0,0
BRDA:313,9,1,0
BRF:21
BRH:0
end_of_record
TN:
SF:src\app\onboarding\quiz-plano\page.tsx
FN:25,QuizPlanoPage
FN:33,(anonymous_6)
FN:51,(anonymous_7)
FNF:3
FNH:0
FNDA:0,QuizPlanoPage
FNDA:0,(anonymous_6)
FNDA:0,(anonymous_7)
DA:3,0
DA:14,0
DA:15,0
DA:16,0
DA:17,0
DA:18,0
DA:19,0
DA:25,0
DA:26,0
DA:27,0
DA:28,0
DA:30,0
DA:33,0
DA:34,0
DA:35,0
DA:36,0
DA:39,0
DA:40,0
DA:41,0
DA:45,0
DA:46,0
DA:47,0
DA:51,0
DA:52,0
DA:55,0
DA:58,0
LF:26
LH:0
BRDA:34,0,0,0
BRDA:34,0,1,0
BRDA:34,1,0,0
BRDA:34,1,1,0
BRDA:39,2,0,0
BRDA:39,2,1,0
BRDA:45,3,0,0
BRDA:45,3,1,0
BRDA:147,4,0,0
BRDA:147,4,1,0
BRF:10
BRH:0
end_of_record
TN:
SF:src\app\onboarding\quiz-treinador\page.tsx
FN:25,QuizTreinadorPage
FN:33,(anonymous_6)
FN:58,(anonymous_7)
FN:68,(anonymous_8)
FNF:4
FNH:0
FNDA:0,QuizTreinadorPage
FNDA:0,(anonymous_6)
FNDA:0,(anonymous_7)
FNDA:0,(anonymous_8)
DA:3,0
DA:13,0
DA:14,0
DA:15,0
DA:16,0
DA:17,0
DA:18,0
DA:25,0
DA:26,0
DA:27,0
DA:28,0
DA:30,0
DA:33,0
DA:34,0
DA:35,0
DA:36,0
DA:39,0
DA:40,0
DA:41,0
DA:45,0
DA:46,0
DA:47,0
DA:51,0
DA:52,0
DA:53,0
DA:54,0
DA:58,0
DA:59,0
DA:62,0
DA:65,0
DA:68,0
DA:69,0
LF:32
LH:0
BRDA:34,0,0,0
BRDA:34,0,1,0
BRDA:34,1,0,0
BRDA:34,1,1,0
BRDA:39,2,0,0
BRDA:39,2,1,0
BRDA:45,3,0,0
BRDA:45,3,1,0
BRDA:52,4,0,0
BRDA:52,4,1,0
BRDA:168,5,0,0
BRDA:168,5,1,0
BRF:12
BRH:0
end_of_record
TN:
SF:src\app\register\page.tsx
FN:74,RegisterPage
FN:117,(anonymous_6)
FN:123,(anonymous_7)
FN:123,(anonymous_8)
FN:130,(anonymous_9)
FN:147,(anonymous_10)
FN:156,(anonymous_11)
FN:165,(anonymous_12)
FN:187,(anonymous_13)
FN:241,(anonymous_14)
FN:270,(anonymous_15)
FN:290,(anonymous_16)
FN:294,(anonymous_17)
FN:295,(anonymous_18)
FN:298,(anonymous_19)
FN:364,(anonymous_20)
FN:476,(anonymous_21)
FN:504,(anonymous_22)
FN:701,(anonymous_23)
FN:748,(anonymous_24)
FNF:20
FNH:0
FNDA:0,RegisterPage
FNDA:0,(anonymous_6)
FNDA:0,(anonymous_7)
FNDA:0,(anonymous_8)
FNDA:0,(anonymous_9)
FNDA:0,(anonymous_10)
FNDA:0,(anonymous_11)
FNDA:0,(anonymous_12)
FNDA:0,(anonymous_13)
FNDA:0,(anonymous_14)
FNDA:0,(anonymous_15)
FNDA:0,(anonymous_16)
FNDA:0,(anonymous_17)
FNDA:0,(anonymous_18)
FNDA:0,(anonymous_19)
FNDA:0,(anonymous_20)
FNDA:0,(anonymous_21)
FNDA:0,(anonymous_22)
FNDA:0,(anonymous_23)
FNDA:0,(anonymous_24)
DA:3,0
DA:25,0
DA:37,0
DA:38,0
DA:39,0
DA:41,0
DA:42,0
DA:72,0
DA:74,0
DA:75,0
DA:76,0
DA:77,0
DA:79,0
DA:80,0
DA:81,0
DA:82,0
DA:83,0
DA:84,0
DA:94,0
DA:96,0
DA:117,0
DA:118,0
DA:119,0
DA:123,0
DA:126,0
DA:128,0
DA:129,0
DA:130,0
DA:139,0
DA:140,0
DA:147,0
DA:152,0
DA:156,0
DA:157,0
DA:158,0
DA:160,0
DA:161,0
DA:162,0
DA:164,0
DA:165,0
DA:175,0
DA:177,0
DA:180,0
DA:182,0
DA:187,0
DA:188,0
DA:190,0
DA:192,0
DA:193,0
DA:198,0
DA:201,0
DA:207,0
DA:208,0
DA:217,0
DA:224,0
DA:225,0
DA:227,0
DA:230,0
DA:232,0
DA:237,0
DA:241,0
DA:242,0
DA:244,0
DA:246,0
DA:256,0
DA:266,0
DA:270,0
DA:271,0
DA:272,0
DA:273,0
DA:277,0
DA:278,0
DA:279,0
DA:280,0
DA:281,0
DA:282,0
DA:287,0
DA:288,0
DA:290,0
DA:294,0
DA:295,0
DA:298,0
DA:299,0
DA:300,0
DA:302,0
DA:304,0
DA:305,0
DA:306,0
DA:309,0
DA:310,0
DA:311,0
DA:314,0
DA:315,0
DA:316,0
DA:319,0
DA:320,0
DA:321,0
DA:325,0
DA:326,0
DA:327,0
DA:328,0
DA:329,0
DA:334,0
DA:348,0
DA:352,0
DA:354,0
DA:355,0
DA:357,0
DA:360,0
DA:364,0
DA:365,0
DA:476,0
DA:504,0
DA:657,0
DA:702,0
DA:748,0
LF:116
LH:0
BRDA:118,0,0,0
BRDA:118,0,1,0
BRDA:128,1,0,0
BRDA:128,1,1,0
BRDA:139,2,0,0
BRDA:139,2,1,0
BRDA:158,3,0,0
BRDA:158,3,1,0
BRDA:158,4,0,0
BRDA:158,4,1,0
BRDA:164,5,0,0
BRDA:164,5,1,0
BRDA:169,6,0,0
BRDA:169,6,1,0
BRDA:170,7,0,0
BRDA:170,7,1,0
BRDA:171,8,0,0
BRDA:171,8,1,0
BRDA:172,9,0,0
BRDA:172,9,1,0
BRDA:188,10,0,0
BRDA:188,10,1,0
BRDA:192,11,0,0
BRDA:192,11,1,0
BRDA:192,12,0,0
BRDA:192,12,1,0
BRDA:192,12,2,0
BRDA:192,12,3,0
BRDA:192,12,4,0
BRDA:192,12,5,0
BRDA:224,13,0,0
BRDA:224,13,1,0
BRDA:242,14,0,0
BRDA:242,14,1,0
BRDA:242,14,2,0
BRDA:242,14,3,0
BRDA:247,15,0,0
BRDA:247,15,1,0
BRDA:247,15,2,0
BRDA:247,15,3,0
BRDA:247,15,4,0
BRDA:247,15,5,0
BRDA:247,15,6,0
BRDA:257,16,0,0
BRDA:257,16,1,0
BRDA:257,16,2,0
BRDA:257,16,3,0
BRDA:257,16,4,0
BRDA:257,16,5,0
BRDA:257,16,6,0
BRDA:271,17,0,0
BRDA:271,17,1,0
BRDA:277,18,0,0
BRDA:277,18,1,0
BRDA:278,19,0,0
BRDA:278,19,1,0
BRDA:280,20,0,0
BRDA:280,20,1,0
BRDA:287,21,0,0
BRDA:287,21,1,0
BRDA:304,22,0,0
BRDA:304,22,1,0
BRDA:309,23,0,0
BRDA:309,23,1,0
BRDA:314,24,0,0
BRDA:314,24,1,0
BRDA:319,25,0,0
BRDA:319,25,1,0
BRDA:325,26,0,0
BRDA:325,26,1,0
BRDA:327,27,0,0
BRDA:327,27,1,0
BRDA:354,28,0,0
BRDA:354,28,1,0
BRDA:357,29,0,0
BRDA:357,29,1,0
BRDA:365,30,0,0
BRDA:464,31,0,0
BRDA:464,31,1,0
BRDA:479,32,0,0
BRDA:479,32,1,0
BRDA:492,33,0,0
BRDA:492,33,1,0
BRDA:507,34,0,0
BRDA:507,34,1,0
BRDA:538,35,0,0
BRDA:538,35,1,0
BRDA:543,36,0,0
BRDA:543,36,1,0
BRDA:556,37,0,0
BRDA:556,37,1,0
BRDA:566,38,0,0
BRDA:566,38,1,0
BRDA:576,39,0,0
BRDA:576,39,1,0
BRDA:586,40,0,0
BRDA:586,40,1,0
BRDA:596,41,0,0
BRDA:596,41,1,0
BRDA:606,42,0,0
BRDA:606,42,1,0
BRDA:619,43,0,0
BRDA:619,43,1,0
BRDA:625,44,0,0
BRDA:625,44,1,0
BRDA:628,45,0,0
BRDA:630,46,0,0
BRDA:630,46,1,0
BRDA:634,47,0,0
BRDA:634,47,1,0
BRDA:646,48,0,0
BRDA:646,48,1,0
BRDA:647,49,0,0
BRDA:647,49,1,0
BRDA:709,50,0,0
BRDA:722,51,0,0
BRDA:722,51,1,0
BRDA:730,52,0,0
BRDA:730,52,1,0
BRDA:737,53,0,0
BRDA:737,53,1,0
BRDA:737,54,0,0
BRDA:737,54,1,0
BRF:123
BRH:0
end_of_record
TN:
SF:src\app\reset-password\page.tsx
FN:31,ResetPasswordPage
FN:50,(anonymous_6)
FN:60,(anonymous_7)
FN:66,(anonymous_8)
FN:66,(anonymous_9)
FN:69,(anonymous_10)
FN:76,(anonymous_11)
FN:105,(anonymous_12)
FN:135,(anonymous_13)
FN:139,(anonymous_14)
FN:143,(anonymous_15)
FN:164,(anonymous_16)
FN:273,(anonymous_17)
FN:336,(anonymous_18)
FNF:14
FNH:0
FNDA:0,ResetPasswordPage
FNDA:0,(anonymous_6)
FNDA:0,(anonymous_7)
FNDA:0,(anonymous_8)
FNDA:0,(anonymous_9)
FNDA:0,(anonymous_10)
FNDA:0,(anonymous_11)
FNDA:0,(anonymous_12)
FNDA:0,(anonymous_13)
FNDA:0,(anonymous_14)
FNDA:0,(anonymous_15)
FNDA:0,(anonymous_16)
FNDA:0,(anonymous_17)
FNDA:0,(anonymous_18)
DA:3,0
DA:16,0
DA:25,0
DA:26,0
DA:31,0
DA:32,0
DA:33,0
DA:34,0
DA:35,0
DA:37,0
DA:38,0
DA:39,0
DA:40,0
DA:41,0
DA:43,0
DA:48,0
DA:50,0
DA:51,0
DA:52,0
DA:53,0
DA:55,0
DA:60,0
DA:61,0
DA:62,0
DA:66,0
DA:69,0
DA:73,0
DA:76,0
DA:77,0
DA:78,0
DA:79,0
DA:82,0
DA:83,0
DA:84,0
DA:87,0
DA:88,0
DA:89,0
DA:93,0
DA:94,0
DA:95,0
DA:97,0
DA:98,0
DA:99,0
DA:102,0
DA:105,0
DA:106,0
DA:108,0
DA:109,0
DA:112,0
DA:113,0
DA:115,0
DA:116,0
DA:117,0
DA:119,0
DA:121,0
DA:122,0
DA:123,0
DA:124,0
DA:125,0
DA:126,0
DA:128,0
DA:131,0
DA:135,0
DA:136,0
DA:139,0
DA:140,0
DA:143,0
DA:144,0
DA:145,0
DA:147,0
DA:148,0
DA:156,0
DA:158,0
DA:159,0
DA:160,0
DA:161,0
DA:164,0
DA:165,0
DA:239,0
DA:273,0
DA:336,0
DA:394,0
LF:82
LH:0
BRDA:51,0,0,0
BRDA:51,0,1,0
BRDA:61,1,0,0
BRDA:61,1,1,0
BRDA:77,2,0,0
BRDA:77,2,1,0
BRDA:82,3,0,0
BRDA:82,3,1,0
BRDA:87,4,0,0
BRDA:87,4,1,0
BRDA:97,5,0,0
BRDA:97,5,1,0
BRDA:97,6,0,0
BRDA:97,6,1,0
BRDA:97,6,2,0
BRDA:108,7,0,0
BRDA:108,7,1,0
BRDA:121,8,0,0
BRDA:121,8,1,0
BRDA:124,9,0,0
BRDA:124,9,1,0
BRDA:128,10,0,0
BRDA:128,10,1,0
BRDA:145,11,0,0
BRDA:145,11,1,0
BRDA:158,12,0,0
BRDA:158,12,1,0
BRDA:159,13,0,0
BRDA:159,13,1,0
BRDA:160,14,0,0
BRDA:160,14,1,0
BRDA:165,15,0,0
BRDA:251,16,0,0
BRDA:260,17,0,0
BRDA:260,17,1,0
BRDA:277,18,0,0
BRDA:277,18,1,0
BRDA:288,19,0,0
BRDA:323,20,0,0
BRDA:323,20,1,0
BRDA:340,21,0,0
BRDA:340,21,1,0
BRDA:364,22,0,0
BRDA:364,22,1,0
BRDA:364,22,2,0
BRDA:380,23,0,0
BRDA:380,23,1,0
BRDA:437,24,0,0
BRF:48
BRH:0
end_of_record
TN:
SF:src\app\verify-email\page.tsx
FN:27,VerifyEmailPage
FN:41,(anonymous_6)
FN:50,(anonymous_7)
FN:52,(anonymous_8)
FN:53,(anonymous_9)
FN:55,(anonymous_10)
FN:59,(anonymous_11)
FN:67,(anonymous_12)
FN:89,(anonymous_13)
FN:109,(anonymous_14)
FN:113,(anonymous_15)
FNF:11
FNH:0
FNDA:0,VerifyEmailPage
FNDA:0,(anonymous_6)
FNDA:0,(anonymous_7)
FNDA:0,(anonymous_8)
FNDA:0,(anonymous_9)
FNDA:0,(anonymous_10)
FNDA:0,(anonymous_11)
FNDA:0,(anonymous_12)
FNDA:0,(anonymous_13)
FNDA:0,(anonymous_14)
FNDA:0,(anonymous_15)
DA:3,0
DA:13,0
DA:21,0
DA:22,0
DA:27,0
DA:28,0
DA:29,0
DA:30,0
DA:31,0
DA:33,0
DA:34,0
DA:35,0
DA:36,0
DA:37,0
DA:39,0
DA:41,0
DA:42,0
DA:43,0
DA:45,0
DA:50,0
DA:51,0
DA:52,0
DA:53,0
DA:55,0
DA:59,0
DA:60,0
DA:61,0
DA:62,0
DA:63,0
DA:64,0
DA:67,0
DA:68,0
DA:69,0
DA:71,0
DA:75,0
DA:77,0
DA:78,0
DA:79,0
DA:81,0
DA:82,0
DA:85,0
DA:89,0
DA:90,0
DA:91,0
DA:92,0
DA:95,0
DA:96,0
DA:98,0
DA:99,0
DA:100,0
DA:102,0
DA:103,0
DA:105,0
DA:109,0
DA:110,0
DA:113,0
DA:114,0
DA:256,0
LF:58
LH:0
BRDA:42,0,0,0
BRDA:42,0,1,0
BRDA:51,1,0,0
BRDA:51,1,1,0
BRDA:68,2,0,0
BRDA:68,2,1,0
BRDA:77,3,0,0
BRDA:77,3,1,0
BRDA:82,4,0,0
BRDA:82,4,1,0
BRDA:90,5,0,0
BRDA:90,5,1,0
BRDA:103,6,0,0
BRDA:103,6,1,0
BRDA:114,7,0,0
BRDA:171,8,0,0
BRDA:175,9,0,0
BRDA:175,9,1,0
BRDA:176,10,0,0
BRDA:176,10,1,0
BRDA:178,11,0,0
BRDA:178,11,1,0
BRDA:200,12,0,0
BRDA:200,12,1,0
BRDA:201,13,0,0
BRDA:201,13,1,0
BRDA:207,14,0,0
BRDA:207,14,1,0
BRDA:237,15,0,0
BRDA:237,15,1,0
BRDA:238,16,0,0
BRDA:238,16,1,0
BRDA:244,17,0,0
BRDA:244,17,1,0
BRDA:299,18,0,0
BRDA:299,18,1,0
BRDA:299,18,2,0
BRDA:299,18,3,0
BRF:38
BRH:0
end_of_record
TN:
SF:src\components\ProtectedRoute.tsx
FN:14,ProtectedRoute
FN:18,(anonymous_11)
FN:74,withAuth
FNF:3
FNH:0
FNDA:0,ProtectedRoute
FNDA:0,(anonymous_11)
FNDA:0,withAuth
DA:3,0
DA:4,0
DA:5,0
DA:6,0
DA:7,0
DA:14,0
DA:15,0
DA:16,0
DA:18,0
DA:19,0
DA:20,0
DA:21,0
DA:22,0
DA:24,0
DA:26,0
DA:27,0
DA:29,0
DA:30,0
DA:32,0
DA:33,0
DA:35,0
DA:41,0
DA:62,0
DA:63,0
DA:66,0
DA:67,0
DA:74,0
DA:84,0
DA:85,0
DA:89,0
DA:93,0
DA:97,0
DA:101,0
LF:33
LH:0
BRDA:19,0,0,0
BRDA:19,0,1,0
BRDA:20,1,0,0
BRDA:20,1,1,0
BRDA:22,2,0,0
BRDA:22,2,1,0
BRDA:22,3,0,0
BRDA:22,3,1,0
BRDA:22,3,2,0
BRDA:24,4,0,0
BRDA:24,4,1,0
BRDA:24,4,2,0
BRDA:24,4,3,0
BRDA:41,5,0,0
BRDA:41,5,1,0
BRDA:62,6,0,0
BRDA:62,6,1,0
BRDA:66,7,0,0
BRDA:66,7,1,0
BRDA:66,8,0,0
BRDA:66,8,1,0
BRDA:66,8,2,0
BRDA:76,9,0,0
BRDA:84,10,0,0
BRDA:84,10,1,0
BRF:25
BRH:0
end_of_record
TN:
SF:src\components\Analytics\ChartComponents.tsx
FN:45,KPICard
FN:48,(anonymous_10)
FN:55,(anonymous_11)
FN:98,LineChartComponent
FN:173,BarChartComponent
FN:217,PieChartComponent
FN:227,(anonymous_15)
FN:266,(anonymous_16)
FN:285,(anonymous_17)
FN:324,ComboChartComponent
FN:380,InsightsWidget
FN:388,(anonymous_20)
FN:419,PerformanceTable
FN:430,(anonymous_22)
FN:449,(anonymous_23)
FN:455,(anonymous_24)
FNF:16
FNH:0
FNDA:0,KPICard
FNDA:0,(anonymous_10)
FNDA:0,(anonymous_11)
FNDA:0,LineChartComponent
FNDA:0,BarChartComponent
FNDA:0,PieChartComponent
FNDA:0,(anonymous_15)
FNDA:0,(anonymous_16)
FNDA:0,(anonymous_17)
FNDA:0,ComboChartComponent
FNDA:0,InsightsWidget
FNDA:0,(anonymous_20)
FNDA:0,PerformanceTable
FNDA:0,(anonymous_22)
FNDA:0,(anonymous_23)
FNDA:0,(anonymous_24)
DA:3,0
DA:12,0
DA:29,0
DA:45,0
DA:46,0
DA:48,0
DA:49,0
DA:55,0
DA:56,0
DA:57,0
DA:98,0
DA:107,0
DA:173,0
DA:181,0
DA:217,0
DA:223,0
DA:225,0
DA:227,0
DA:228,0
DA:229,0
DA:230,0
DA:231,0
DA:267,0
DA:286,0
DA:324,0
DA:334,0
DA:380,0
DA:389,0
DA:419,0
DA:431,0
DA:450,0
DA:456,0
LF:32
LH:0
BRDA:45,0,0,0
BRDA:49,1,0,0
BRDA:49,1,1,0
BRDA:56,2,0,0
BRDA:56,2,1,0
BRDA:57,3,0,0
BRDA:57,3,1,0
BRDA:57,4,0,0
BRDA:57,4,1,0
BRDA:69,5,0,0
BRDA:73,6,0,0
BRDA:73,6,1,0
BRDA:75,7,0,0
BRDA:103,8,0,0
BRDA:104,9,0,0
BRDA:105,10,0,0
BRDA:117,11,0,0
BRDA:178,12,0,0
BRDA:179,13,0,0
BRDA:220,14,0,0
BRDA:221,15,0,0
BRDA:238,16,0,0
BRDA:238,16,1,0
BRDA:267,17,0,0
BRDA:267,17,1,0
BRDA:270,18,0,0
BRDA:293,19,0,0
BRDA:293,19,1,0
BRDA:332,20,0,0
BRDA:380,21,0,0
BRDA:387,22,0,0
BRDA:387,22,1,0
BRDA:397,23,0,0
BRDA:397,23,1,0
BRDA:399,24,0,0
BRDA:399,24,1,0
BRDA:419,25,0,0
BRDA:466,26,0,0
BRDA:466,26,1,0
BRF:39
BRH:0
end_of_record
TN:
SF:src\components\Dashboard\DashboardLayout.tsx
FN:144,DashboardLayout
FN:153,(anonymous_6)
FN:159,(anonymous_7)
FN:163,(anonymous_8)
FN:167,(anonymous_9)
FN:171,(anonymous_10)
FN:176,(anonymous_11)
FN:184,(anonymous_12)
FN:185,(anonymous_13)
FN:191,(anonymous_14)
FN:204,(anonymous_15)
FN:301,(anonymous_16)
FN:304,(anonymous_17)
FNF:13
FNH:0
FNDA:0,DashboardLayout
FNDA:0,(anonymous_6)
FNDA:0,(anonymous_7)
FNDA:0,(anonymous_8)
FNDA:0,(anonymous_9)
FNDA:0,(anonymous_10)
FNDA:0,(anonymous_11)
FNDA:0,(anonymous_12)
FNDA:0,(anonymous_13)
FNDA:0,(anonymous_14)
FNDA:0,(anonymous_15)
FNDA:0,(anonymous_16)
FNDA:0,(anonymous_17)
DA:3,0
DA:26,0
DA:45,0
DA:46,0
DA:47,0
DA:50,0
DA:67,0
DA:144,0
DA:145,0
DA:146,0
DA:147,0
DA:149,0
DA:150,0
DA:151,0
DA:153,0
DA:154,0
DA:155,0
DA:159,0
DA:160,0
DA:163,0
DA:164,0
DA:167,0
DA:168,0
DA:171,0
DA:172,0
DA:173,0
DA:176,0
DA:177,0
DA:178,0
DA:179,0
DA:180,0
DA:184,0
DA:185,0
DA:186,0
DA:187,0
DA:191,0
DA:192,0
DA:194,0
DA:196,0
DA:198,0
DA:200,0
DA:204,0
DA:205,0
DA:207,0
DA:209,0
DA:211,0
DA:213,0
DA:302,0
DA:304,0
LF:49
LH:0
BRDA:154,0,0,0
BRDA:154,0,1,0
BRDA:179,1,0,0
BRDA:179,1,1,0
BRDA:186,2,0,0
BRDA:186,2,1,0
BRDA:192,3,0,0
BRDA:192,3,1,0
BRDA:192,3,2,0
BRDA:192,3,3,0
BRDA:205,4,0,0
BRDA:205,4,1,0
BRDA:205,4,2,0
BRDA:205,4,3,0
BRDA:286,5,0,0
BRDA:309,6,0,0
BRDA:309,6,1,0
BRDA:310,7,0,0
BRDA:310,7,1,0
BRDA:312,8,0,0
BRDA:312,8,1,0
BRDA:319,9,0,0
BRDA:319,9,1,0
BRDA:323,10,0,0
BRDA:323,10,1,0
BRDA:334,11,0,0
BRDA:334,11,1,0
BRF:27
BRH:0
end_of_record
TN:
SF:src\components\Dashboard\DashboardOverview.tsx
FN:40,TabPanel
FN:60,DashboardOverview
FN:69,(anonymous_7)
FN:73,(anonymous_8)
FN:79,(anonymous_9)
FN:89,(anonymous_10)
FN:107,(anonymous_11)
FN:146,(anonymous_12)
FN:150,(anonymous_13)
FN:157,(anonymous_14)
FN:274,(anonymous_15)
FN:277,(anonymous_16)
FN:285,(anonymous_17)
FN:290,(anonymous_18)
FN:298,(anonymous_19)
FN:303,(anonymous_20)
FN:340,(anonymous_21)
FN:378,(anonymous_22)
FN:406,(anonymous_23)
FN:410,(anonymous_24)
FN:425,(anonymous_25)
FN:478,(anonymous_26)
FN:501,(anonymous_27)
FN:505,(anonymous_28)
FNF:24
FNH:0
FNDA:0,TabPanel
FNDA:0,DashboardOverview
FNDA:0,(anonymous_7)
FNDA:0,(anonymous_8)
FNDA:0,(anonymous_9)
FNDA:0,(anonymous_10)
FNDA:0,(anonymous_11)
FNDA:0,(anonymous_12)
FNDA:0,(anonymous_13)
FNDA:0,(anonymous_14)
FNDA:0,(anonymous_15)
FNDA:0,(anonymous_16)
FNDA:0,(anonymous_17)
FNDA:0,(anonymous_18)
FNDA:0,(anonymous_19)
FNDA:0,(anonymous_20)
FNDA:0,(anonymous_21)
FNDA:0,(anonymous_22)
FNDA:0,(anonymous_23)
FNDA:0,(anonymous_24)
FNDA:0,(anonymous_25)
FNDA:0,(anonymous_26)
FNDA:0,(anonymous_27)
FNDA:0,(anonymous_28)
DA:3,0
DA:14,0
DA:25,0
DA:26,0
DA:27,0
DA:28,0
DA:41,0
DA:60,0
DA:61,0
DA:62,0
DA:63,0
DA:64,0
DA:65,0
DA:66,0
DA:67,0
DA:69,0
DA:70,0
DA:73,0
DA:74,0
DA:75,0
DA:76,0
DA:79,0
DA:89,0
DA:107,0
DA:119,0
DA:121,0
DA:127,0
DA:130,0
DA:131,0
DA:132,0
DA:135,0
DA:136,0
DA:137,0
DA:139,0
DA:140,0
DA:142,0
DA:146,0
DA:147,0
DA:150,0
DA:151,0
DA:152,0
DA:153,0
DA:154,0
DA:157,0
DA:158,0
DA:160,0
DA:161,0
DA:198,0
DA:199,0
DA:237,0
DA:274,0
DA:275,0
DA:277,0
DA:285,0
DA:286,0
DA:288,0
DA:290,0
DA:298,0
DA:299,0
DA:301,0
DA:303,0
DA:310,0
DA:318,0
DA:341,0
DA:378,0
DA:407,0
DA:410,0
DA:426,0
DA:478,0
DA:502,0
DA:505,0
LF:71
LH:0
BRDA:51,0,0,0
BRDA:152,1,0,0
BRDA:152,1,1,0
BRDA:153,2,0,0
BRDA:153,2,1,0
BRDA:158,3,0,0
BRDA:158,3,1,0
BRDA:160,4,0,0
BRDA:160,4,1,0
BRDA:165,5,0,0
BRDA:165,5,1,0
BRDA:173,6,0,0
BRDA:173,6,1,0
BRDA:181,7,0,0
BRDA:181,7,1,0
BRDA:198,8,0,0
BRDA:198,8,1,0
BRDA:275,9,0,0
BRDA:275,9,1,0
BRDA:275,10,0,0
BRDA:275,10,1,0
BRDA:286,11,0,0
BRDA:286,11,1,0
BRDA:286,12,0,0
BRDA:286,12,1,0
BRDA:299,13,0,0
BRDA:299,13,1,0
BRDA:299,14,0,0
BRDA:299,14,1,0
BRDA:310,15,0,0
BRDA:310,15,1,0
BRDA:318,16,0,0
BRDA:318,16,1,0
BRDA:356,17,0,0
BRDA:356,17,1,0
BRDA:379,18,0,0
BRDA:379,18,1,0
BRDA:380,19,0,0
BRDA:380,19,1,0
BRDA:424,20,0,0
BRDA:423,21,0,0
BRDA:423,21,1,0
BRDA:431,22,0,0
BRDA:431,22,1,0
BRDA:448,23,0,0
BRDA:448,23,1,0
BRDA:450,24,0,0
BRDA:450,24,1,0
BRDA:521,25,0,0
BRDA:594,26,0,0
BRF:50
BRH:0
end_of_record
TN:
SF:src\components\Dashboard\NotificationCenter.tsx
FN:41,NotificationCenter
FN:48,(anonymous_6)
FN:53,(anonymous_7)
FN:63,(anonymous_8)
FN:71,(anonymous_9)
FN:75,(anonymous_10)
FN:79,(anonymous_11)
FN:93,(anonymous_12)
FN:98,(anonymous_13)
FN:111,(anonymous_14)
FN:124,(anonymous_15)
FN:207,(anonymous_16)
FN:210,(anonymous_17)
FN:277,(anonymous_18)
FNF:14
FNH:0
FNDA:0,NotificationCenter
FNDA:0,(anonymous_6)
FNDA:0,(anonymous_7)
FNDA:0,(anonymous_8)
FNDA:0,(anonymous_9)
FNDA:0,(anonymous_10)
FNDA:0,(anonymous_11)
FNDA:0,(anonymous_12)
FNDA:0,(anonymous_13)
FNDA:0,(anonymous_14)
FNDA:0,(anonymous_15)
FNDA:0,(anonymous_16)
FNDA:0,(anonymous_17)
FNDA:0,(anonymous_18)
DA:3,0
DA:20,0
DA:32,0
DA:33,0
DA:41,0
DA:42,0
DA:43,0
DA:44,0
DA:45,0
DA:46,0
DA:48,0
DA:50,0
DA:53,0
DA:54,0
DA:60,0
DA:63,0
DA:64,0
DA:65,0
DA:67,0
DA:68,0
DA:71,0
DA:72,0
DA:75,0
DA:76,0
DA:79,0
DA:81,0
DA:82,0
DA:86,0
DA:87,0
DA:90,0
DA:93,0
DA:94,0
DA:95,0
DA:98,0
DA:99,0
DA:111,0
DA:112,0
DA:114,0
DA:116,0
DA:118,0
DA:120,0
DA:124,0
DA:125,0
DA:126,0
DA:127,0
DA:128,0
DA:129,0
DA:131,0
DA:132,0
DA:133,0
DA:134,0
DA:135,0
DA:138,0
DA:208,0
DA:210,0
DA:279,0
LF:56
LH:0
BRDA:81,0,0,0
BRDA:81,0,1,0
BRDA:86,1,0,0
BRDA:86,1,1,0
BRDA:112,2,0,0
BRDA:112,2,1,0
BRDA:112,2,2,0
BRDA:112,2,3,0
BRDA:131,3,0,0
BRDA:131,3,1,0
BRDA:132,4,0,0
BRDA:132,4,1,0
BRDA:133,5,0,0
BRDA:133,5,1,0
BRDA:134,6,0,0
BRDA:134,6,1,0
BRDA:152,7,0,0
BRDA:152,7,1,0
BRDA:178,8,0,0
BRDA:189,9,0,0
BRDA:191,10,0,0
BRDA:191,10,1,0
BRDA:199,11,0,0
BRDA:215,12,0,0
BRDA:215,12,1,0
BRDA:220,13,0,0
BRDA:220,13,1,0
BRDA:231,14,0,0
BRDA:231,14,1,0
BRDA:237,15,0,0
BRDA:264,16,0,0
BRDA:264,16,1,0
BRDA:272,17,0,0
BRF:33
BRH:0
end_of_record
TN:
SF:src\components\Dashboard\StatsCard.tsx
FN:33,StatsCard
FN:47,(anonymous_3)
FN:96,(anonymous_4)
FN:108,(anonymous_5)
FN:113,(anonymous_6)
FNF:5
FNH:0
FNDA:0,StatsCard
FNDA:0,(anonymous_3)
FNDA:0,(anonymous_4)
FNDA:0,(anonymous_5)
FNDA:0,(anonymous_6)
DA:3,0
DA:13,0
DA:33,0
DA:45,0
DA:47,0
DA:48,0
DA:50,0
DA:56,0
DA:62,0
DA:68,0
DA:74,0
DA:80,0
DA:86,0
DA:94,0
DA:96,0
DA:97,0
DA:98,0
DA:99,0
DA:100,0
DA:101,0
DA:103,0
DA:105,0
DA:108,0
DA:109,0
DA:110,0
DA:113,0
DA:114,0
DA:115,0
DA:118,0
LF:29
LH:0
BRDA:39,0,0,0
BRDA:40,1,0,0
BRDA:43,2,0,0
BRDA:48,3,0,0
BRDA:48,3,1,0
BRDA:48,3,2,0
BRDA:48,3,3,0
BRDA:48,3,4,0
BRDA:48,3,5,0
BRDA:48,3,6,0
BRDA:97,4,0,0
BRDA:97,4,1,0
BRDA:98,5,0,0
BRDA:98,5,1,0
BRDA:100,6,0,0
BRDA:100,6,1,0
BRDA:109,7,0,0
BRDA:109,7,1,0
BRDA:110,8,0,0
BRDA:110,8,1,0
BRDA:114,9,0,0
BRDA:114,9,1,0
BRDA:115,10,0,0
BRDA:115,10,1,0
BRDA:118,11,0,0
BRDA:118,11,1,0
BRDA:150,12,0,0
BRDA:150,12,1,0
BRDA:151,13,0,0
BRDA:151,13,1,0
BRDA:156,14,0,0
BRDA:156,14,1,0
BRDA:176,15,0,0
BRDA:176,15,1,0
BRDA:182,16,0,0
BRDA:182,16,1,0
BRDA:190,17,0,0
BRDA:194,18,0,0
BRDA:194,18,1,0
BRDA:196,19,0,0
BRDA:196,19,1,0
BRDA:214,20,0,0
BRDA:214,20,1,0
BRDA:226,21,0,0
BRDA:226,21,1,0
BRDA:234,22,0,0
BRDA:238,23,0,0
BRDA:238,23,1,0
BRDA:248,24,0,0
BRDA:252,25,0,0
BRDA:252,25,1,0
BRDA:258,26,0,0
BRDA:258,26,1,0
BRDA:261,27,0,0
BRDA:261,27,1,0
BRDA:264,28,0,0
BRDA:264,28,1,0
BRDA:269,29,0,0
BRDA:274,30,0,0
BRDA:274,30,1,0
BRDA:293,31,0,0
BRDA:293,31,1,0
BRDA:307,32,0,0
BRDA:307,32,1,0
BRF:64
BRH:0
end_of_record
TN:
SF:src\components\Onboarding\OnboardingStepper.tsx
FN:24,(anonymous_2)
FN:103,(anonymous_3)
FNF:2
FNH:0
FNDA:0,(anonymous_2)
FNDA:0,(anonymous_3)
DA:1,0
DA:10,0
DA:24,0
DA:29,0
DA:30,0
DA:32,0
DA:55,0
DA:73,0
DA:104,0
DA:159,0
LF:10
LH:0
BRDA:27,0,0,0
BRDA:73,1,0,0
BRDA:73,1,1,0
BRDA:79,2,0,0
BRDA:79,2,1,0
BRDA:79,3,0,0
BRDA:79,3,1,0
BRDA:85,4,0,0
BRDA:85,4,1,0
BRDA:89,5,0,0
BRDA:89,5,1,0
BRDA:112,6,0,0
BRDA:112,6,1,0
BRDA:113,7,0,0
BRDA:113,7,1,0
BRDA:115,8,0,0
BRDA:115,8,1,0
BRDA:117,9,0,0
BRDA:117,9,1,0
BRDA:120,10,0,0
BRDA:120,10,1,0
BRDA:120,11,0,0
BRDA:120,11,1,0
BRDA:122,12,0,0
BRDA:122,12,1,0
BRDA:125,13,0,0
BRDA:125,13,1,0
BRDA:131,14,0,0
BRDA:131,14,1,0
BRDA:132,15,0,0
BRDA:132,15,1,0
BRDA:134,16,0,0
BRDA:134,16,1,0
BRDA:141,17,0,0
BRF:34
BRH:0
end_of_record
TN:
SF:src\components\Quiz\CoachMatcher.tsx
FN:167,(anonymous_5)
FN:175,(anonymous_6)
FN:269,(anonymous_7)
FN:272,(anonymous_8)
FN:283,(anonymous_9)
FN:301,(anonymous_10)
FN:328,(anonymous_11)
FN:343,(anonymous_12)
FN:353,(anonymous_13)
FN:369,(anonymous_14)
FN:465,(anonymous_15)
FN:503,(anonymous_16)
FN:510,(anonymous_17)
FN:521,CoachMatcher
FN:526,(anonymous_19)
FN:530,(anonymous_20)
FN:555,(anonymous_21)
FN:636,(anonymous_22)
FN:656,(anonymous_23)
FN:706,(anonymous_24)
FNF:20
FNH:0
FNDA:0,(anonymous_5)
FNDA:0,(anonymous_6)
FNDA:0,(anonymous_7)
FNDA:0,(anonymous_8)
FNDA:0,(anonymous_9)
FNDA:0,(anonymous_10)
FNDA:0,(anonymous_11)
FNDA:0,(anonymous_12)
FNDA:0,(anonymous_13)
FNDA:0,(anonymous_14)
FNDA:0,(anonymous_15)
FNDA:0,(anonymous_16)
FNDA:0,(anonymous_17)
FNDA:0,CoachMatcher
FNDA:0,(anonymous_19)
FNDA:0,(anonymous_20)
FNDA:0,(anonymous_21)
FNDA:0,(anonymous_22)
FNDA:0,(anonymous_23)
FNDA:0,(anonymous_24)
DA:3,0
DA:17,0
DA:30,0
DA:31,0
DA:32,0
DA:39,0
DA:167,0
DA:168,0
DA:169,0
DA:170,0
DA:172,0
DA:175,0
DA:176,0
DA:177,0
DA:179,0
DA:182,0
DA:183,0
DA:184,0
DA:188,0
DA:189,0
DA:195,0
DA:196,0
DA:197,0
DA:198,0
DA:200,0
DA:205,0
DA:206,0
DA:207,0
DA:208,0
DA:209,0
DA:210,0
DA:212,0
DA:213,0
DA:214,0
DA:219,0
DA:220,0
DA:221,0
DA:222,0
DA:223,0
DA:224,0
DA:229,0
DA:230,0
DA:236,0
DA:237,0
DA:238,0
DA:239,0
DA:244,0
DA:245,0
DA:246,0
DA:247,0
DA:248,0
DA:249,0
DA:250,0
DA:251,0
DA:252,0
DA:253,0
DA:254,0
DA:255,0
DA:259,0
DA:260,0
DA:263,0
DA:264,0
DA:265,0
DA:269,0
DA:271,0
DA:272,0
DA:273,0
DA:276,0
DA:277,0
DA:279,0
DA:283,0
DA:284,0
DA:287,0
DA:288,0
DA:289,0
DA:291,0
DA:292,0
DA:293,0
DA:297,0
DA:301,0
DA:302,0
DA:304,0
DA:325,0
DA:328,0
DA:332,0
DA:334,0
DA:343,0
DA:344,0
DA:350,0
DA:353,0
DA:354,0
DA:356,0
DA:357,0
DA:358,0
DA:360,0
DA:361,0
DA:362,0
DA:366,0
DA:369,0
DA:370,0
DA:372,0
DA:373,0
DA:374,0
DA:375,0
DA:378,0
DA:379,0
DA:382,0
DA:383,0
DA:389,0
DA:390,0
DA:394,0
DA:466,0
DA:503,0
DA:510,0
DA:521,0
DA:522,0
DA:523,0
DA:524,0
DA:526,0
DA:527,0
DA:530,0
DA:531,0
DA:532,0
DA:533,0
DA:535,0
DA:537,0
DA:538,0
DA:543,0
DA:544,0
DA:547,0
DA:549,0
DA:550,0
DA:552,0
DA:553,0
DA:555,0
DA:556,0
DA:566,0
DA:567,0
DA:569,0
DA:573,0
DA:574,0
DA:577,0
DA:635,0
DA:636,0
DA:637,0
DA:644,0
DA:645,0
DA:649,0
DA:650,0
DA:652,0
DA:656,0
DA:658,0
DA:659,0
DA:672,0
DA:674,0
DA:675,0
DA:689,0
DA:690,0
DA:692,0
DA:706,0
DA:708,0
DA:710,0
DA:711,0
DA:714,0
DA:718,0
DA:729,0
LF:166
LH:0
BRDA:172,0,0,0
BRDA:172,0,1,0
BRDA:182,1,0,0
BRDA:182,1,1,0
BRDA:188,2,0,0
BRDA:188,2,1,0
BRDA:188,3,0,0
BRDA:188,3,1,0
BRDA:195,4,0,0
BRDA:195,4,1,0
BRDA:205,5,0,0
BRDA:205,5,1,0
BRDA:207,6,0,0
BRDA:207,6,1,0
BRDA:219,7,0,0
BRDA:219,7,1,0
BRDA:221,8,0,0
BRDA:221,8,1,0
BRDA:229,9,0,0
BRDA:229,9,1,0
BRDA:236,10,0,0
BRDA:236,10,1,0
BRDA:236,11,0,0
BRDA:236,11,1,0
BRDA:244,12,0,0
BRDA:244,12,1,0
BRDA:248,13,0,0
BRDA:248,13,1,0
BRDA:252,14,0,0
BRDA:252,14,1,0
BRDA:259,15,0,0
BRDA:259,15,1,0
BRDA:279,16,0,0
BRDA:279,16,1,0
BRDA:287,17,0,0
BRDA:287,17,1,0
BRDA:288,18,0,0
BRDA:288,18,1,0
BRDA:288,19,0,0
BRDA:288,19,1,0
BRDA:288,19,2,0
BRDA:291,20,0,0
BRDA:291,20,1,0
BRDA:292,21,0,0
BRDA:292,21,1,0
BRDA:292,22,0,0
BRDA:292,22,1,0
BRDA:302,23,0,0
BRDA:302,23,1,0
BRDA:325,24,0,0
BRDA:325,24,1,0
BRDA:334,25,0,0
BRDA:334,25,1,0
BRDA:350,26,0,0
BRDA:350,26,1,0
BRDA:356,27,0,0
BRDA:356,27,1,0
BRDA:357,28,0,0
BRDA:357,28,1,0
BRDA:357,29,0,0
BRDA:357,29,1,0
BRDA:357,29,2,0
BRDA:360,30,0,0
BRDA:360,30,1,0
BRDA:361,31,0,0
BRDA:361,31,1,0
BRDA:361,32,0,0
BRDA:361,32,1,0
BRDA:372,33,0,0
BRDA:372,33,1,0
BRDA:374,34,0,0
BRDA:374,34,1,0
BRDA:378,35,0,0
BRDA:378,35,1,0
BRDA:382,36,0,0
BRDA:382,36,1,0
BRDA:389,37,0,0
BRDA:389,37,1,0
BRDA:450,38,0,0
BRDA:450,38,1,0
BRDA:451,39,0,0
BRDA:451,39,1,0
BRDA:489,40,0,0
BRDA:547,41,0,0
BRDA:547,41,1,0
BRDA:552,42,0,0
BRDA:552,42,1,0
BRDA:552,43,0,0
BRDA:552,43,1,0
BRDA:658,44,0,0
BRDA:658,44,1,0
BRDA:658,45,0,0
BRDA:658,45,1,0
BRDA:674,46,0,0
BRDA:674,46,1,0
BRDA:710,47,0,0
BRDA:710,47,1,0
BRDA:718,48,0,0
BRDA:718,48,1,0
BRDA:729,49,0,0
BRDA:729,49,1,0
BRF:101
BRH:0
end_of_record
TN:
SF:src\components\Quiz\PlanCalculator.tsx
FN:63,(anonymous_5)
FN:70,(anonymous_6)
FN:76,(anonymous_7)
FN:90,(anonymous_8)
FN:157,(anonymous_9)
FN:164,(anonymous_10)
FN:328,(anonymous_11)
FN:378,(anonymous_12)
FN:383,(anonymous_13)
FN:393,(anonymous_14)
FN:403,(anonymous_15)
FN:408,(anonymous_16)
FN:423,(anonymous_17)
FN:427,(anonymous_18)
FN:436,(anonymous_19)
FN:449,(anonymous_20)
FN:512,(anonymous_21)
FN:622,(anonymous_22)
FN:647,PlanCalculator
FN:653,(anonymous_24)
FN:658,(anonymous_25)
FN:712,(anonymous_26)
FN:737,(anonymous_27)
FN:777,(anonymous_28)
FN:794,(anonymous_29)
FN:822,(anonymous_30)
FNF:26
FNH:0
FNDA:0,(anonymous_5)
FNDA:0,(anonymous_6)
FNDA:0,(anonymous_7)
FNDA:0,(anonymous_8)
FNDA:0,(anonymous_9)
FNDA:0,(anonymous_10)
FNDA:0,(anonymous_11)
FNDA:0,(anonymous_12)
FNDA:0,(anonymous_13)
FNDA:0,(anonymous_14)
FNDA:0,(anonymous_15)
FNDA:0,(anonymous_16)
FNDA:0,(anonymous_17)
FNDA:0,(anonymous_18)
FNDA:0,(anonymous_19)
FNDA:0,(anonymous_20)
FNDA:0,(anonymous_21)
FNDA:0,(anonymous_22)
FNDA:0,PlanCalculator
FNDA:0,(anonymous_24)
FNDA:0,(anonymous_25)
FNDA:0,(anonymous_26)
FNDA:0,(anonymous_27)
FNDA:0,(anonymous_28)
FNDA:0,(anonymous_29)
FNDA:0,(anonymous_30)
DA:3,0
DA:19,0
DA:26,0
DA:27,0
DA:31,0
DA:63,0
DA:64,0
DA:65,0
DA:66,0
DA:70,0
DA:71,0
DA:72,0
DA:75,0
DA:76,0
DA:78,0
DA:79,0
DA:80,0
DA:83,0
DA:84,0
DA:88,0
DA:90,0
DA:91,0
DA:92,0
DA:93,0
DA:96,0
DA:97,0
DA:100,0
DA:101,0
DA:105,0
DA:157,0
DA:158,0
DA:159,0
DA:160,0
DA:164,0
DA:166,0
DA:167,0
DA:171,0
DA:172,0
DA:173,0
DA:176,0
DA:180,0
DA:328,0
DA:329,0
DA:330,0
DA:331,0
DA:332,0
DA:335,0
DA:336,0
DA:337,0
DA:340,0
DA:341,0
DA:342,0
DA:345,0
DA:346,0
DA:347,0
DA:350,0
DA:353,0
DA:354,0
DA:356,0
DA:357,0
DA:359,0
DA:360,0
DA:362,0
DA:363,0
DA:365,0
DA:366,0
DA:368,0
DA:369,0
DA:372,0
DA:374,0
DA:377,0
DA:378,0
DA:379,0
DA:383,0
DA:384,0
DA:385,0
DA:386,0
DA:387,0
DA:391,0
DA:392,0
DA:393,0
DA:394,0
DA:395,0
DA:396,0
DA:401,0
DA:402,0
DA:403,0
DA:406,0
DA:407,0
DA:408,0
DA:415,0
DA:418,0
DA:421,0
DA:422,0
DA:423,0
DA:424,0
DA:427,0
DA:428,0
DA:429,0
DA:430,0
DA:434,0
DA:435,0
DA:436,0
DA:439,0
DA:440,0
DA:441,0
DA:444,0
DA:446,0
DA:449,0
DA:460,0
DA:462,0
DA:463,0
DA:466,0
DA:467,0
DA:468,0
DA:471,0
DA:474,0
DA:475,0
DA:478,0
DA:479,0
DA:480,0
DA:481,0
DA:482,0
DA:484,0
DA:488,0
DA:489,0
DA:492,0
DA:493,0
DA:498,0
DA:499,0
DA:502,0
DA:504,0
DA:512,0
DA:513,0
DA:514,0
DA:623,0
DA:647,0
DA:648,0
DA:649,0
DA:650,0
DA:651,0
DA:653,0
DA:654,0
DA:658,0
DA:659,0
DA:712,0
DA:713,0
DA:737,0
DA:738,0
DA:739,0
DA:740,0
DA:742,0
DA:744,0
DA:749,0
DA:750,0
DA:751,0
DA:754,0
DA:758,0
DA:762,0
DA:763,0
DA:764,0
DA:767,0
DA:768,0
DA:771,0
DA:772,0
DA:773,0
DA:775,0
DA:777,0
DA:778,0
DA:788,0
DA:789,0
DA:790,0
DA:792,0
DA:794,0
DA:795,0
DA:803,0
DA:804,0
DA:806,0
DA:807,0
DA:808,0
DA:810,0
DA:811,0
DA:814,0
DA:815,0
DA:816,0
DA:818,0
DA:822,0
DA:824,0
DA:825,0
DA:839,0
DA:841,0
DA:842,0
DA:862,0
DA:878,0
LF:194
LH:0
BRDA:65,0,0,0
BRDA:65,0,1,0
BRDA:65,1,0,0
BRDA:65,1,1,0
BRDA:66,2,0,0
BRDA:66,2,1,0
BRDA:75,3,0,0
BRDA:75,3,1,0
BRDA:78,4,0,0
BRDA:78,4,1,0
BRDA:88,5,0,0
BRDA:88,5,1,0
BRDA:88,6,0,0
BRDA:88,6,1,0
BRDA:88,6,2,0
BRDA:92,7,0,0
BRDA:92,7,1,0
BRDA:159,8,0,0
BRDA:159,8,1,0
BRDA:159,9,0,0
BRDA:159,9,1,0
BRDA:160,10,0,0
BRDA:160,10,1,0
BRDA:166,11,0,0
BRDA:166,11,1,0
BRDA:166,12,0,0
BRDA:166,12,1,0
BRDA:171,13,0,0
BRDA:171,13,1,0
BRDA:172,14,0,0
BRDA:172,14,1,0
BRDA:172,15,0,0
BRDA:172,15,1,0
BRDA:172,15,2,0
BRDA:335,16,0,0
BRDA:335,16,1,0
BRDA:335,17,0,0
BRDA:335,17,1,0
BRDA:340,18,0,0
BRDA:340,18,1,0
BRDA:340,19,0,0
BRDA:340,19,1,0
BRDA:345,20,0,0
BRDA:345,20,1,0
BRDA:345,21,0,0
BRDA:345,21,1,0
BRDA:353,22,0,0
BRDA:353,22,1,0
BRDA:354,23,0,0
BRDA:354,23,1,0
BRDA:356,24,0,0
BRDA:356,24,1,0
BRDA:357,25,0,0
BRDA:357,25,1,0
BRDA:359,26,0,0
BRDA:359,26,1,0
BRDA:360,27,0,0
BRDA:360,27,1,0
BRDA:362,28,0,0
BRDA:362,28,1,0
BRDA:363,29,0,0
BRDA:363,29,1,0
BRDA:365,30,0,0
BRDA:365,30,1,0
BRDA:366,31,0,0
BRDA:366,31,1,0
BRDA:368,32,0,0
BRDA:368,32,1,0
BRDA:369,33,0,0
BRDA:369,33,1,0
BRDA:372,34,0,0
BRDA:372,34,1,0
BRDA:385,35,0,0
BRDA:385,35,1,0
BRDA:391,36,0,0
BRDA:391,36,1,0
BRDA:394,37,0,0
BRDA:394,37,1,0
BRDA:394,37,2,0
BRDA:401,38,0,0
BRDA:401,38,1,0
BRDA:406,39,0,0
BRDA:406,39,1,0
BRDA:428,40,0,0
BRDA:428,40,1,0
BRDA:428,40,2,0
BRDA:434,41,0,0
BRDA:434,41,1,0
BRDA:439,42,0,0
BRDA:439,42,1,0
BRDA:467,43,0,0
BRDA:467,43,1,0
BRDA:468,44,0,0
BRDA:468,44,1,0
BRDA:478,45,0,0
BRDA:478,45,1,0
BRDA:478,46,0,0
BRDA:478,46,1,0
BRDA:480,47,0,0
BRDA:480,47,1,0
BRDA:481,48,0,0
BRDA:481,48,1,0
BRDA:482,49,0,0
BRDA:482,49,1,0
BRDA:488,50,0,0
BRDA:488,50,1,0
BRDA:489,51,0,0
BRDA:489,51,1,0
BRDA:492,52,0,0
BRDA:492,52,1,0
BRDA:492,53,0,0
BRDA:492,53,1,0
BRDA:493,54,0,0
BRDA:493,54,1,0
BRDA:493,55,0,0
BRDA:493,55,1,0
BRDA:495,56,0,0
BRDA:495,56,1,0
BRDA:498,57,0,0
BRDA:498,57,1,0
BRDA:499,58,0,0
BRDA:499,58,1,0
BRDA:502,59,0,0
BRDA:502,59,1,0
BRDA:513,60,0,0
BRDA:513,60,1,0
BRDA:548,61,0,0
BRDA:571,62,0,0
BRDA:571,62,1,0
BRDA:571,62,2,0
BRDA:571,62,3,0
BRDA:754,63,0,0
BRDA:754,63,1,0
BRDA:756,64,0,0
BRDA:756,64,1,0
BRDA:758,65,0,0
BRDA:758,65,1,0
BRDA:760,66,0,0
BRDA:760,66,1,0
BRDA:771,67,0,0
BRDA:771,67,1,0
BRDA:771,68,0,0
BRDA:771,68,1,0
BRDA:788,69,0,0
BRDA:788,69,1,0
BRDA:788,70,0,0
BRDA:788,70,1,0
BRDA:807,71,0,0
BRDA:807,71,1,0
BRDA:807,72,0,0
BRDA:807,72,1,0
BRDA:808,73,0,0
BRDA:808,73,1,0
BRDA:808,74,0,0
BRDA:808,74,1,0
BRDA:824,75,0,0
BRDA:824,75,1,0
BRDA:841,76,0,0
BRDA:841,76,1,0
BRDA:878,77,0,0
BRDA:878,77,1,0
BRF:161
BRH:0
end_of_record
TN:
SF:src\components\Quiz\QuizBase.tsx
FN:57,QuizBase
FN:78,(anonymous_6)
FN:85,(anonymous_7)
FN:86,(anonymous_8)
FN:93,(anonymous_9)
FN:101,(anonymous_10)
FN:107,(anonymous_11)
FN:112,(anonymous_12)
FN:116,(anonymous_13)
FN:118,(anonymous_14)
FN:122,(anonymous_15)
FN:277,(anonymous_16)
FN:296,(anonymous_17)
FNF:13
FNH:0
FNDA:0,QuizBase
FNDA:0,(anonymous_6)
FNDA:0,(anonymous_7)
FNDA:0,(anonymous_8)
FNDA:0,(anonymous_9)
FNDA:0,(anonymous_10)
FNDA:0,(anonymous_11)
FNDA:0,(anonymous_12)
FNDA:0,(anonymous_13)
FNDA:0,(anonymous_14)
FNDA:0,(anonymous_15)
FNDA:0,(anonymous_16)
FNDA:0,(anonymous_17)
DA:3,0
DA:15,0
DA:57,0
DA:67,0
DA:68,0
DA:69,0
DA:70,0
DA:71,0
DA:73,0
DA:74,0
DA:75,0
DA:76,0
DA:78,0
DA:79,0
DA:80,0
DA:81,0
DA:82,0
DA:85,0
DA:86,0
DA:92,0
DA:93,0
DA:94,0
DA:95,0
DA:99,0
DA:101,0
DA:107,0
DA:108,0
DA:109,0
DA:110,0
DA:112,0
DA:116,0
DA:117,0
DA:118,0
DA:122,0
DA:123,0
DA:124,0
DA:125,0
DA:126,0
DA:127,0
DA:131,0
DA:197,0
DA:278,0
DA:296,0
LF:43
LH:0
BRDA:63,0,0,0
BRDA:65,1,0,0
BRDA:92,2,0,0
BRDA:92,2,1,0
BRDA:94,3,0,0
BRDA:94,3,1,0
BRDA:108,4,0,0
BRDA:108,4,1,0
BRDA:117,5,0,0
BRDA:117,5,1,0
BRDA:131,6,0,0
BRDA:131,6,1,0
BRDA:131,7,0,0
BRDA:131,7,1,0
BRDA:156,8,0,0
BRDA:168,9,0,0
BRDA:168,9,1,0
BRDA:197,10,0,0
BRDA:197,10,1,0
BRDA:202,11,0,0
BRDA:214,12,0,0
BRDA:238,13,0,0
BRDA:270,14,0,0
BRDA:284,15,0,0
BRDA:284,15,1,0
BRDA:287,16,0,0
BRDA:287,16,1,0
BRDA:300,17,0,0
BRDA:309,18,0,0
BRDA:321,19,0,0
BRDA:321,19,1,0
BRDA:331,20,0,0
BRDA:345,21,0,0
BRDA:345,21,1,0
BRDA:349,22,0,0
BRDA:349,22,1,0
BRF:36
BRH:0
end_of_record
TN:
SF:src\contexts\AuthContext.tsx
FN:40,AuthProvider
FN:53,(anonymous_9)
FN:57,(anonymous_10)
FN:61,(anonymous_11)
FN:67,(anonymous_12)
FN:80,(anonymous_13)
FN:84,(anonymous_14)
FN:97,(anonymous_15)
FN:99,(anonymous_16)
FN:106,(anonymous_17)
FN:116,(anonymous_18)
FN:117,(anonymous_19)
FN:125,(anonymous_20)
FN:135,(anonymous_21)
FN:136,(anonymous_22)
FN:144,(anonymous_23)
FN:160,(anonymous_24)
FN:161,(anonymous_25)
FN:166,(anonymous_26)
FN:173,(anonymous_27)
FN:188,(anonymous_28)
FN:190,(anonymous_29)
FN:208,(anonymous_30)
FN:212,(anonymous_31)
FN:216,(anonymous_32)
FN:236,(anonymous_33)
FN:247,(anonymous_34)
FN:259,(anonymous_35)
FN:261,(anonymous_36)
FN:268,(anonymous_37)
FN:282,(anonymous_38)
FN:283,(anonymous_39)
FN:286,(anonymous_40)
FN:293,(anonymous_41)
FN:304,(anonymous_42)
FN:318,(anonymous_43)
FN:322,(anonymous_44)
FN:329,(anonymous_45)
FN:333,(anonymous_46)
FN:337,(anonymous_47)
FN:383,useAuth
FN:392,useRequireAuth
FN:396,(anonymous_50)
FNF:43
FNH:0
FNDA:0,AuthProvider
FNDA:0,(anonymous_9)
FNDA:0,(anonymous_10)
FNDA:0,(anonymous_11)
FNDA:0,(anonymous_12)
FNDA:0,(anonymous_13)
FNDA:0,(anonymous_14)
FNDA:0,(anonymous_15)
FNDA:0,(anonymous_16)
FNDA:0,(anonymous_17)
FNDA:0,(anonymous_18)
FNDA:0,(anonymous_19)
FNDA:0,(anonymous_20)
FNDA:0,(anonymous_21)
FNDA:0,(anonymous_22)
FNDA:0,(anonymous_23)
FNDA:0,(anonymous_24)
FNDA:0,(anonymous_25)
FNDA:0,(anonymous_26)
FNDA:0,(anonymous_27)
FNDA:0,(anonymous_28)
FNDA:0,(anonymous_29)
FNDA:0,(anonymous_30)
FNDA:0,(anonymous_31)
FNDA:0,(anonymous_32)
FNDA:0,(anonymous_33)
FNDA:0,(anonymous_34)
FNDA:0,(anonymous_35)
FNDA:0,(anonymous_36)
FNDA:0,(anonymous_37)
FNDA:0,(anonymous_38)
FNDA:0,(anonymous_39)
FNDA:0,(anonymous_40)
FNDA:0,(anonymous_41)
FNDA:0,(anonymous_42)
FNDA:0,(anonymous_43)
FNDA:0,(anonymous_44)
FNDA:0,(anonymous_45)
FNDA:0,(anonymous_46)
FNDA:0,(anonymous_47)
FNDA:0,useAuth
FNDA:0,useRequireAuth
FNDA:0,(anonymous_50)
DA:3,1
DA:4,1
DA:5,1
DA:6,1
DA:7,1
DA:34,1
DA:40,0
DA:41,0
DA:51,0
DA:53,0
DA:54,0
DA:57,0
DA:58,0
DA:59,0
DA:60,0
DA:61,0
DA:62,0
DA:65,0
DA:66,0
DA:67,0
DA:78,0
DA:79,0
DA:80,0
DA:84,0
DA:86,0
DA:87,0
DA:88,0
DA:89,0
DA:91,0
DA:94,0
DA:97,0
DA:98,0
DA:99,0
DA:101,0
DA:102,0
DA:105,0
DA:106,0
DA:113,0
DA:116,0
DA:117,0
DA:120,0
DA:124,0
DA:125,0
DA:132,0
DA:135,0
DA:136,0
DA:139,0
DA:143,0
DA:144,0
DA:156,0
DA:157,0
DA:160,0
DA:161,0
DA:164,0
DA:166,0
DA:167,0
DA:168,0
DA:169,0
DA:173,0
DA:174,0
DA:175,0
DA:184,0
DA:185,0
DA:188,0
DA:189,0
DA:190,0
DA:192,0
DA:194,0
DA:195,0
DA:197,0
DA:199,0
DA:201,0
DA:204,0
DA:205,0
DA:206,0
DA:208,0
DA:212,0
DA:213,0
DA:214,0
DA:216,0
DA:221,0
DA:224,0
DA:225,0
DA:227,0
DA:230,0
DA:231,0
DA:232,0
DA:236,0
DA:237,0
DA:238,0
DA:239,0
DA:241,0
DA:242,0
DA:243,0
DA:247,0
DA:248,0
DA:249,0
DA:250,0
DA:251,0
DA:253,0
DA:254,0
DA:255,0
DA:259,0
DA:260,0
DA:261,0
DA:263,0
DA:264,0
DA:266,0
DA:268,0
DA:278,0
DA:279,0
DA:282,0
DA:283,0
DA:286,0
DA:287,0
DA:288,0
DA:289,0
DA:293,0
DA:294,0
DA:295,0
DA:296,0
DA:298,0
DA:299,0
DA:300,0
DA:304,0
DA:305,0
DA:306,0
DA:307,0
DA:309,0
DA:310,0
DA:312,0
DA:313,0
DA:314,0
DA:318,0
DA:319,0
DA:320,0
DA:321,0
DA:322,0
DA:324,0
DA:329,0
DA:330,0
DA:333,0
DA:334,0
DA:337,0
DA:338,0
DA:340,0
DA:341,0
DA:343,0
DA:344,0
DA:347,0
DA:348,0
DA:349,0
DA:352,0
DA:354,0
DA:356,0
DA:360,0
DA:383,0
DA:384,0
DA:385,0
DA:386,0
DA:388,0
DA:392,0
DA:393,0
DA:394,0
DA:396,0
DA:397,0
DA:400,0
DA:401,0
DA:402,0
DA:406,0
DA:407,0
DA:408,0
DA:412,0
DA:413,0
DA:414,0
DA:418,0
DA:419,0
DA:420,0
DA:421,0
DA:425,0
DA:426,0
DA:427,0
DA:431,0
LF:183
LH:6
BRDA:60,0,0,0
BRDA:60,0,1,0
BRDA:72,1,0,0
BRDA:72,1,1,0
BRDA:72,2,0,0
BRDA:72,2,1,0
BRDA:73,3,0,0
BRDA:73,3,1,0
BRDA:86,4,0,0
BRDA:86,4,1,0
BRDA:89,5,0,0
BRDA:89,5,1,0
BRDA:105,6,0,0
BRDA:105,6,1,0
BRDA:105,7,0,0
BRDA:105,7,1,0
BRDA:124,8,0,0
BRDA:124,8,1,0
BRDA:124,9,0,0
BRDA:124,9,1,0
BRDA:167,10,0,0
BRDA:167,10,1,0
BRDA:194,11,0,0
BRDA:194,11,1,0
BRDA:204,12,0,0
BRDA:204,12,1,0
BRDA:224,13,0,0
BRDA:224,13,1,0
BRDA:230,14,0,0
BRDA:230,14,1,0
BRDA:241,15,0,0
BRDA:241,15,1,0
BRDA:253,16,0,0
BRDA:253,16,1,0
BRDA:287,17,0,0
BRDA:287,17,1,0
BRDA:298,18,0,0
BRDA:298,18,1,0
BRDA:306,19,0,0
BRDA:306,19,1,0
BRDA:312,20,0,0
BRDA:312,20,1,0
BRDA:319,21,0,0
BRDA:319,21,1,0
BRDA:319,22,0,0
BRDA:319,22,1,0
BRDA:330,23,0,0
BRDA:330,23,1,0
BRDA:334,24,0,0
BRDA:334,24,1,0
BRDA:338,25,0,0
BRDA:338,25,1,0
BRDA:338,25,2,0
BRDA:338,25,3,0
BRDA:347,26,0,0
BRDA:347,26,1,0
BRDA:348,27,0,0
BRDA:348,27,1,0
BRDA:385,28,0,0
BRDA:385,28,1,0
BRDA:392,29,0,0
BRDA:397,30,0,0
BRDA:397,30,1,0
BRDA:400,31,0,0
BRDA:400,31,1,0
BRDA:406,32,0,0
BRDA:406,32,1,0
BRDA:412,33,0,0
BRDA:412,33,1,0
BRDA:412,34,0,0
BRDA:412,34,1,0
BRDA:418,35,0,0
BRDA:418,35,1,0
BRDA:418,36,0,0
BRDA:418,36,1,0
BRDA:425,37,0,0
BRDA:425,37,1,0
BRDA:425,38,0,0
BRDA:425,38,1,0
BRF:79
BRH:0
end_of_record
TN:
SF:src\services\analyticsService.ts
FN:127,(anonymous_1)
FN:132,(anonymous_2)
FN:154,(anonymous_3)
FN:159,(anonymous_4)
FN:164,(anonymous_5)
FN:169,(anonymous_6)
FN:174,(anonymous_7)
FN:183,(anonymous_8)
FN:193,(anonymous_9)
FN:195,(anonymous_10)
FN:200,(anonymous_11)
FN:218,(anonymous_12)
FN:268,(anonymous_13)
FN:279,(anonymous_14)
FN:282,(anonymous_15)
FN:283,(anonymous_16)
FN:289,(anonymous_17)
FN:310,(anonymous_18)
FNF:18
FNH:2
FNDA:1,(anonymous_1)
FNDA:1,(anonymous_2)
FNDA:0,(anonymous_3)
FNDA:0,(anonymous_4)
FNDA:0,(anonymous_5)
FNDA:0,(anonymous_6)
FNDA:0,(anonymous_7)
FNDA:0,(anonymous_8)
FNDA:0,(anonymous_9)
FNDA:0,(anonymous_10)
FNDA:0,(anonymous_11)
FNDA:0,(anonymous_12)
FNDA:0,(anonymous_13)
FNDA:0,(anonymous_14)
FNDA:0,(anonymous_15)
FNDA:0,(anonymous_16)
FNDA:0,(anonymous_17)
FNDA:0,(anonymous_18)
DA:53,1
DA:68,1
DA:83,1
DA:84,1
DA:128,1
DA:133,1
DA:134,1
DA:136,1
DA:137,30
DA:138,30
DA:139,30
DA:140,30
DA:141,30
DA:143,30
DA:155,0
DA:160,0
DA:165,0
DA:170,0
DA:175,0
DA:184,0
DA:194,0
DA:195,0
DA:201,0
DA:223,0
DA:224,0
DA:241,0
DA:242,0
DA:243,0
DA:261,0
DA:268,0
DA:280,0
DA:282,0
DA:283,0
DA:285,0
DA:290,0
DA:292,0
DA:298,0
DA:305,0
DA:316,0
DA:317,0
DA:337,0
DA:357,1
LF:42
LH:15
BRDA:154,0,0,0
BRDA:159,1,0,0
BRDA:164,2,0,0
BRDA:193,3,0,0
BRDA:223,4,0,0
BRDA:223,4,1,0
BRDA:241,5,0,0
BRDA:241,5,1,0
BRDA:280,6,0,0
BRDA:280,6,1,0
BRDA:285,7,0,0
BRDA:285,7,1,0
BRDA:289,8,0,0
BRDA:290,9,0,0
BRDA:290,9,1,0
BRDA:290,9,2,0
BRDA:316,10,0,0
BRDA:316,10,1,0
BRF:18
BRH:0
end_of_record
TN:
SF:src\services\enduranceApi.ts
FN:36,(anonymous_6)
FN:47,(anonymous_7)
FN:53,(anonymous_8)
FN:60,(anonymous_9)
FN:61,(anonymous_10)
FN:73,(anonymous_11)
FN:80,(anonymous_12)
FN:88,(anonymous_13)
FN:96,(anonymous_14)
FN:106,(anonymous_15)
FN:116,(anonymous_16)
FN:126,(anonymous_17)
FN:137,(anonymous_18)
FN:145,(anonymous_19)
FN:149,(anonymous_20)
FN:153,(anonymous_21)
FN:157,(anonymous_22)
FN:161,(anonymous_23)
FN:165,(anonymous_24)
FN:169,(anonymous_25)
FN:173,(anonymous_26)
FN:177,(anonymous_27)
FN:181,(anonymous_28)
FN:190,(anonymous_29)
FN:194,(anonymous_30)
FN:198,(anonymous_31)
FN:202,(anonymous_32)
FN:207,(anonymous_33)
FN:211,(anonymous_34)
FN:215,(anonymous_35)
FN:220,(anonymous_36)
FN:224,(anonymous_37)
FN:228,(anonymous_38)
FN:232,(anonymous_39)
FN:237,(anonymous_40)
FN:241,(anonymous_41)
FN:245,(anonymous_42)
FN:249,(anonymous_43)
FN:254,(anonymous_44)
FN:275,(anonymous_45)
FN:279,(anonymous_46)
FN:284,(anonymous_47)
FN:288,(anonymous_48)
FN:292,(anonymous_49)
FN:296,(anonymous_50)
FN:301,(anonymous_51)
FN:305,(anonymous_52)
FN:309,(anonymous_53)
FN:314,(anonymous_54)
FN:321,(anonymous_55)
FN:329,(anonymous_56)
FN:333,(anonymous_57)
FN:337,(anonymous_58)
FN:341,(anonymous_59)
FN:345,(anonymous_60)
FN:349,(anonymous_61)
FN:354,(anonymous_62)
FN:358,(anonymous_63)
FN:373,(anonymous_64)
FN:377,(anonymous_65)
FN:386,(anonymous_66)
FNF:61
FNH:1
FNDA:1,(anonymous_6)
FNDA:0,(anonymous_7)
FNDA:0,(anonymous_8)
FNDA:0,(anonymous_9)
FNDA:0,(anonymous_10)
FNDA:0,(anonymous_11)
FNDA:0,(anonymous_12)
FNDA:0,(anonymous_13)
FNDA:0,(anonymous_14)
FNDA:0,(anonymous_15)
FNDA:0,(anonymous_16)
FNDA:0,(anonymous_17)
FNDA:0,(anonymous_18)
FNDA:0,(anonymous_19)
FNDA:0,(anonymous_20)
FNDA:0,(anonymous_21)
FNDA:0,(anonymous_22)
FNDA:0,(anonymous_23)
FNDA:0,(anonymous_24)
FNDA:0,(anonymous_25)
FNDA:0,(anonymous_26)
FNDA:0,(anonymous_27)
FNDA:0,(anonymous_28)
FNDA:0,(anonymous_29)
FNDA:0,(anonymous_30)
FNDA:0,(anonymous_31)
FNDA:0,(anonymous_32)
FNDA:0,(anonymous_33)
FNDA:0,(anonymous_34)
FNDA:0,(anonymous_35)
FNDA:0,(anonymous_36)
FNDA:0,(anonymous_37)
FNDA:0,(anonymous_38)
FNDA:0,(anonymous_39)
FNDA:0,(anonymous_40)
FNDA:0,(anonymous_41)
FNDA:0,(anonymous_42)
FNDA:0,(anonymous_43)
FNDA:0,(anonymous_44)
FNDA:0,(anonymous_45)
FNDA:0,(anonymous_46)
FNDA:0,(anonymous_47)
FNDA:0,(anonymous_48)
FNDA:0,(anonymous_49)
FNDA:0,(anonymous_50)
FNDA:0,(anonymous_51)
FNDA:0,(anonymous_52)
FNDA:0,(anonymous_53)
FNDA:0,(anonymous_54)
FNDA:0,(anonymous_55)
FNDA:0,(anonymous_56)
FNDA:0,(anonymous_57)
FNDA:0,(anonymous_58)
FNDA:0,(anonymous_59)
FNDA:0,(anonymous_60)
FNDA:0,(anonymous_61)
FNDA:0,(anonymous_62)
FNDA:0,(anonymous_63)
FNDA:0,(anonymous_64)
FNDA:0,(anonymous_65)
FNDA:0,(anonymous_66)
DA:1,1
DA:32,1
DA:37,1
DA:46,1
DA:48,0
DA:49,0
DA:51,0
DA:54,0
DA:59,1
DA:60,0
DA:62,0
DA:64,0
DA:65,0
DA:67,0
DA:74,0
DA:75,0
DA:76,0
DA:81,0
DA:82,0
DA:83,0
DA:85,0
DA:89,0
DA:90,0
DA:91,0
DA:97,0
DA:99,0
DA:100,0
DA:103,0
DA:107,0
DA:109,0
DA:110,0
DA:113,0
DA:117,0
DA:119,0
DA:120,0
DA:123,0
DA:127,0
DA:129,0
DA:130,0
DA:133,0
DA:138,0
DA:139,0
DA:140,0
DA:142,0
DA:146,0
DA:150,0
DA:154,0
DA:158,0
DA:162,0
DA:166,0
DA:170,0
DA:174,0
DA:178,0
DA:182,0
DA:183,0
DA:185,0
DA:191,0
DA:195,0
DA:199,0
DA:203,0
DA:208,0
DA:212,0
DA:216,0
DA:221,0
DA:225,0
DA:229,0
DA:233,0
DA:238,0
DA:242,0
DA:246,0
DA:250,0
DA:255,0
DA:261,0
DA:262,0
DA:272,0
DA:276,0
DA:280,0
DA:285,0
DA:289,0
DA:293,0
DA:297,0
DA:302,0
DA:306,0
DA:310,0
DA:315,0
DA:322,0
DA:330,0
DA:334,0
DA:338,0
DA:342,0
DA:346,0
DA:350,0
DA:355,0
DA:359,0
DA:360,0
DA:361,0
DA:363,0
DA:369,0
DA:374,0
DA:378,0
DA:383,1
DA:386,1
DA:387,0
DA:390,1
LF:104
LH:8
BRDA:36,0,0,1
BRDA:36,1,0,1
BRDA:36,1,1,0
BRDA:48,2,0,0
BRDA:48,2,1,0
BRDA:62,3,0,0
BRDA:62,3,1,0
BRDA:75,4,0,0
BRDA:75,4,1,0
BRDA:81,5,0,0
BRDA:81,5,1,0
BRDA:82,6,0,0
BRDA:82,6,1,0
BRDA:90,7,0,0
BRDA:90,7,1,0
BRDA:99,8,0,0
BRDA:99,8,1,0
BRDA:99,9,0,0
BRDA:99,9,1,0
BRDA:99,9,2,0
BRDA:99,9,3,0
BRDA:109,10,0,0
BRDA:109,10,1,0
BRDA:109,11,0,0
BRDA:109,11,1,0
BRDA:109,11,2,0
BRDA:109,11,3,0
BRDA:119,12,0,0
BRDA:119,12,1,0
BRDA:119,13,0,0
BRDA:119,13,1,0
BRDA:119,13,2,0
BRDA:119,13,3,0
BRDA:129,14,0,0
BRDA:129,14,1,0
BRDA:129,15,0,0
BRDA:129,15,1,0
BRDA:129,15,2,0
BRDA:129,15,3,0
BRDA:139,16,0,0
BRDA:139,16,1,0
BRDA:261,17,0,0
BRDA:261,17,1,0
BRF:43
BRH:2
end_of_record
TN:
SF:src\services\geocodingService.ts
FN:19,(anonymous_1)
FN:58,(anonymous_2)
FN:80,(anonymous_3)
FN:105,(anonymous_4)
FN:158,(anonymous_5)
FN:173,(anonymous_6)
FN:212,(anonymous_7)
FNF:7
FNH:0
FNDA:0,(anonymous_1)
FNDA:0,(anonymous_2)
FNDA:0,(anonymous_3)
FNDA:0,(anonymous_4)
FNDA:0,(anonymous_5)
FNDA:0,(anonymous_6)
FNDA:0,(anonymous_7)
DA:16,1
DA:28,0
DA:30,0
DA:33,0
DA:34,0
DA:38,0
DA:40,0
DA:49,0
DA:50,0
DA:67,0
DA:76,0
DA:81,0
DA:83,0
DA:84,0
DA:86,0
DA:87,0
DA:88,0
DA:96,0
DA:114,0
DA:121,0
DA:122,0
DA:123,0
DA:125,0
DA:131,0
DA:133,0
DA:135,0
DA:144,0
DA:145,0
DA:146,0
DA:147,0
DA:148,0
DA:149,0
DA:151,0
DA:159,0
DA:173,0
DA:174,0
DA:177,0
DA:178,0
DA:180,0
DA:187,0
DA:196,0
DA:197,0
DA:198,0
DA:205,0
DA:220,0
DA:221,0
DA:223,0
DA:224,0
DA:230,0
DA:231,0
DA:233,0
DA:234,0
DA:240,0
DA:249,0
DA:250,0
DA:258,1
LF:56
LH:2
BRDA:33,0,0,0
BRDA:33,0,1,0
BRDA:42,1,0,0
BRDA:42,1,1,0
BRDA:45,2,0,0
BRDA:45,2,1,0
BRDA:73,3,0,0
BRDA:73,3,1,0
BRDA:86,4,0,0
BRDA:86,4,1,0
BRDA:86,5,0,0
BRDA:86,5,1,0
BRDA:125,6,0,0
BRDA:125,6,1,0
BRDA:125,6,2,0
BRDA:125,6,3,0
BRDA:125,6,4,0
BRDA:131,7,0,0
BRDA:131,7,1,0
BRDA:145,8,0,0
BRDA:145,8,1,0
BRDA:146,9,0,0
BRDA:146,9,1,0
BRDA:147,10,0,0
BRDA:147,10,1,0
BRDA:148,11,0,0
BRDA:148,11,1,0
BRDA:149,12,0,0
BRDA:149,12,1,0
BRDA:177,13,0,0
BRDA:177,13,1,0
BRDA:197,14,0,0
BRDA:197,14,1,0
BRDA:223,15,0,0
BRDA:223,15,1,0
BRDA:233,16,0,0
BRDA:233,16,1,0
BRF:37
BRH:0
end_of_record
TN:
SF:src\services\messageService.ts
FN:41,(anonymous_1)
FN:46,(anonymous_2)
FN:114,(anonymous_3)
FN:116,(anonymous_4)
FN:117,(anonymous_5)
FN:121,(anonymous_6)
FN:125,(anonymous_7)
FN:169,(anonymous_8)
FN:173,(anonymous_9)
FN:175,(anonymous_10)
FN:179,(anonymous_11)
FN:183,(anonymous_12)
FN:198,(anonymous_13)
FN:199,(anonymous_14)
FN:207,(anonymous_15)
FN:209,(anonymous_16)
FN:214,(anonymous_17)
FN:220,(anonymous_18)
FN:222,(anonymous_19)
FN:227,(anonymous_20)
FN:231,(anonymous_21)
FN:240,(anonymous_22)
FN:253,(anonymous_23)
FN:254,(anonymous_24)
FN:260,(anonymous_25)
FN:263,(anonymous_26)
FN:264,(anonymous_27)
FN:268,(anonymous_28)
FN:269,(anonymous_29)
FN:273,(anonymous_30)
FN:300,(anonymous_31)
FNF:31
FNH:0
FNDA:0,(anonymous_1)
FNDA:0,(anonymous_2)
FNDA:0,(anonymous_3)
FNDA:0,(anonymous_4)
FNDA:0,(anonymous_5)
FNDA:0,(anonymous_6)
FNDA:0,(anonymous_7)
FNDA:0,(anonymous_8)
FNDA:0,(anonymous_9)
FNDA:0,(anonymous_10)
FNDA:0,(anonymous_11)
FNDA:0,(anonymous_12)
FNDA:0,(anonymous_13)
FNDA:0,(anonymous_14)
FNDA:0,(anonymous_15)
FNDA:0,(anonymous_16)
FNDA:0,(anonymous_17)
FNDA:0,(anonymous_18)
FNDA:0,(anonymous_19)
FNDA:0,(anonymous_20)
FNDA:0,(anonymous_21)
FNDA:0,(anonymous_22)
FNDA:0,(anonymous_23)
FNDA:0,(anonymous_24)
FNDA:0,(anonymous_25)
FNDA:0,(anonymous_26)
FNDA:0,(anonymous_27)
FNDA:0,(anonymous_28)
FNDA:0,(anonymous_29)
FNDA:0,(anonymous_30)
FNDA:0,(anonymous_31)
DA:38,0
DA:39,0
DA:42,0
DA:47,0
DA:49,0
DA:115,0
DA:116,0
DA:117,0
DA:122,0
DA:123,0
DA:125,0
DA:126,0
DA:127,0
DA:128,0
DA:132,0
DA:133,0
DA:154,0
DA:157,0
DA:158,0
DA:159,0
DA:163,0
DA:164,0
DA:168,0
DA:169,0
DA:174,0
DA:176,0
DA:179,0
DA:184,0
DA:191,0
DA:192,0
DA:194,0
DA:199,0
DA:200,0
DA:201,0
DA:202,0
DA:208,0
DA:210,0
DA:214,0
DA:216,0
DA:221,0
DA:222,0
DA:228,0
DA:229,0
DA:231,0
DA:232,0
DA:247,0
DA:248,0
DA:250,0
DA:253,0
DA:254,0
DA:261,0
DA:263,0
DA:264,0
DA:269,0
DA:274,0
DA:295,0
DA:296,0
DA:301,0
DA:302,0
DA:303,0
DA:304,0
DA:305,0
DA:307,0
DA:308,0
DA:309,0
DA:310,0
DA:311,0
DA:315,0
LF:68
LH:0
BRDA:116,0,0,0
BRDA:116,0,1,0
BRDA:126,1,0,0
BRDA:126,1,1,0
BRDA:127,2,0,0
BRDA:127,2,1,0
BRDA:128,3,0,0
BRDA:128,3,1,0
BRDA:129,4,0,0
BRDA:129,4,1,0
BRDA:132,5,0,0
BRDA:132,5,1,0
BRDA:138,6,0,0
BRDA:138,6,1,0
BRDA:139,7,0,0
BRDA:139,7,1,0
BRDA:140,8,0,0
BRDA:140,8,1,0
BRDA:157,9,0,0
BRDA:157,9,1,0
BRDA:163,10,0,0
BRDA:163,10,1,0
BRDA:163,11,0,0
BRDA:163,11,1,0
BRDA:176,12,0,0
BRDA:176,12,1,0
BRDA:176,12,2,0
BRDA:176,12,3,0
BRDA:200,13,0,0
BRDA:200,13,1,0
BRDA:210,14,0,0
BRDA:210,14,1,0
BRDA:210,14,2,0
BRDA:222,15,0,0
BRDA:222,15,1,0
BRDA:232,16,0,0
BRDA:232,16,1,0
BRDA:232,16,2,0
BRDA:232,16,3,0
BRDA:307,17,0,0
BRDA:307,17,1,0
BRDA:308,18,0,0
BRDA:308,18,1,0
BRDA:309,19,0,0
BRDA:309,19,1,0
BRDA:310,20,0,0
BRDA:310,20,1,0
BRF:47
BRH:0
end_of_record
TN:
SF:src\services\notificationService.ts
FN:42,(anonymous_1)
FN:157,(anonymous_2)
FN:163,(anonymous_3)
FN:164,(anonymous_4)
FN:168,(anonymous_5)
FN:169,(anonymous_6)
FN:177,(anonymous_7)
FN:179,(anonymous_8)
FN:180,(anonymous_9)
FN:185,(anonymous_10)
FN:202,(anonymous_11)
FN:204,(anonymous_12)
FN:209,(anonymous_13)
FN:213,(anonymous_14)
FN:214,(anonymous_15)
FN:218,(anonymous_16)
FN:219,(anonymous_17)
FN:223,(anonymous_18)
FN:242,(anonymous_19)
FN:246,(anonymous_20)
FN:257,(anonymous_21)
FN:261,(anonymous_22)
FN:266,(anonymous_23)
FN:286,(anonymous_24)
FNF:24
FNH:0
FNDA:0,(anonymous_1)
FNDA:0,(anonymous_2)
FNDA:0,(anonymous_3)
FNDA:0,(anonymous_4)
FNDA:0,(anonymous_5)
FNDA:0,(anonymous_6)
FNDA:0,(anonymous_7)
FNDA:0,(anonymous_8)
FNDA:0,(anonymous_9)
FNDA:0,(anonymous_10)
FNDA:0,(anonymous_11)
FNDA:0,(anonymous_12)
FNDA:0,(anonymous_13)
FNDA:0,(anonymous_14)
FNDA:0,(anonymous_15)
FNDA:0,(anonymous_16)
FNDA:0,(anonymous_17)
FNDA:0,(anonymous_18)
FNDA:0,(anonymous_19)
FNDA:0,(anonymous_20)
FNDA:0,(anonymous_21)
FNDA:0,(anonymous_22)
FNDA:0,(anonymous_23)
FNDA:0,(anonymous_24)
DA:27,0
DA:28,0
DA:29,0
DA:43,0
DA:44,0
DA:46,0
DA:47,0
DA:81,0
DA:82,0
DA:116,0
DA:117,0
DA:153,0
DA:158,0
DA:159,0
DA:162,0
DA:163,0
DA:164,0
DA:169,0
DA:170,0
DA:171,0
DA:172,0
DA:178,0
DA:179,0
DA:180,0
DA:181,0
DA:186,0
DA:192,0
DA:193,0
DA:196,0
DA:197,0
DA:203,0
DA:204,0
DA:210,0
DA:213,0
DA:214,0
DA:219,0
DA:224,0
DA:227,0
DA:228,0
DA:231,0
DA:232,0
DA:241,0
DA:242,0
DA:246,0
DA:247,0
DA:248,0
DA:249,0
DA:251,0
DA:258,0
DA:262,0
DA:267,0
DA:285,0
DA:286,0
DA:287,0
DA:288,0
DA:289,0
DA:291,0
DA:297,0
LF:58
LH:0
BRDA:46,0,0,0
BRDA:46,0,1,0
BRDA:81,1,0,0
BRDA:81,1,1,0
BRDA:116,2,0,0
BRDA:116,2,1,0
BRDA:158,3,0,0
BRDA:158,3,1,0
BRDA:163,4,0,0
BRDA:163,4,1,0
BRDA:170,5,0,0
BRDA:170,5,1,0
BRDA:196,6,0,0
BRDA:196,6,1,0
BRDA:196,7,0,0
BRDA:196,7,1,0
BRDA:204,8,0,0
BRDA:204,8,1,0
BRDA:224,9,0,0
BRDA:224,9,1,0
BRDA:227,10,0,0
BRDA:227,10,1,0
BRDA:231,11,0,0
BRDA:231,11,1,0
BRDA:237,12,0,0
BRDA:237,12,1,0
BRDA:241,13,0,0
BRDA:241,13,1,0
BRDA:241,14,0,0
BRDA:241,14,1,0
BRDA:248,15,0,0
BRDA:248,15,1,0
BRDA:287,16,0,0
BRDA:287,16,1,0
BRF:34
BRH:0
end_of_record
TN:
SF:src\services\paymentService.ts
FN:112,(anonymous_1)
FN:159,(anonymous_2)
FN:165,(anonymous_3)
FN:167,(anonymous_4)
FN:220,(anonymous_5)
FN:245,(anonymous_6)
FN:267,(anonymous_7)
FN:284,(anonymous_8)
FN:285,(anonymous_9)
FN:299,(anonymous_10)
FN:311,(anonymous_11)
FN:326,(anonymous_12)
FN:336,(anonymous_13)
FN:341,(anonymous_14)
FN:359,(anonymous_15)
FN:367,(anonymous_16)
FNF:16
FNH:0
FNDA:0,(anonymous_1)
FNDA:0,(anonymous_2)
FNDA:0,(anonymous_3)
FNDA:0,(anonymous_4)
FNDA:0,(anonymous_5)
FNDA:0,(anonymous_6)
FNDA:0,(anonymous_7)
FNDA:0,(anonymous_8)
FNDA:0,(anonymous_9)
FNDA:0,(anonymous_10)
FNDA:0,(anonymous_11)
FNDA:0,(anonymous_12)
FNDA:0,(anonymous_13)
FNDA:0,(anonymous_14)
FNDA:0,(anonymous_15)
FNDA:0,(anonymous_16)
DA:1,1
DA:63,1
DA:64,1
DA:69,1
DA:101,1
DA:104,1
DA:113,0
DA:115,0
DA:116,0
DA:120,0
DA:121,0
DA:122,0
DA:126,0
DA:127,0
DA:130,0
DA:139,0
DA:140,0
DA:147,0
DA:149,0
DA:150,0
DA:160,0
DA:161,0
DA:167,0
DA:169,0
DA:170,0
DA:173,0
DA:175,0
DA:184,0
DA:194,0
DA:195,0
DA:203,0
DA:205,0
DA:215,0
DA:221,0
DA:224,0
DA:225,0
DA:226,0
DA:227,0
DA:230,0
DA:231,0
DA:232,0
DA:233,0
DA:235,0
DA:236,0
DA:240,0
DA:241,0
DA:246,0
DA:247,0
DA:249,0
DA:250,0
DA:252,0
DA:253,0
DA:254,0
DA:255,0
DA:259,0
DA:260,0
DA:263,0
DA:268,0
DA:269,0
DA:270,0
DA:276,0
DA:278,0
DA:279,0
DA:285,0
DA:287,0
DA:288,0
DA:290,0
DA:302,0
DA:313,0
DA:332,0
DA:337,0
DA:347,0
DA:348,0
DA:350,0
DA:360,0
DA:369,0
DA:370,0
DA:373,0
DA:374,0
DA:377,0
DA:381,1
LF:81
LH:7
BRDA:115,0,0,0
BRDA:115,0,1,0
BRDA:121,1,0,0
BRDA:121,1,1,0
BRDA:139,2,0,0
BRDA:139,2,1,0
BRDA:173,3,0,0
BRDA:173,3,1,0
BRDA:173,3,2,0
BRDA:173,3,3,0
BRDA:194,4,0,0
BRDA:194,4,1,0
BRDA:194,5,0,0
BRDA:194,5,1,0
BRDA:207,6,0,0
BRDA:207,6,1,0
BRDA:208,7,0,0
BRDA:208,7,1,0
BRDA:211,8,0,0
BRDA:211,8,1,0
BRDA:224,9,0,0
BRDA:224,9,1,0
BRDA:224,10,0,0
BRDA:224,10,1,0
BRDA:225,11,0,0
BRDA:225,11,1,0
BRDA:225,12,0,0
BRDA:225,12,1,0
BRDA:226,13,0,0
BRDA:226,13,1,0
BRDA:226,14,0,0
BRDA:226,14,1,0
BRDA:227,15,0,0
BRDA:227,15,1,0
BRDA:227,16,0,0
BRDA:227,16,1,0
BRDA:235,17,0,0
BRDA:235,17,1,0
BRDA:235,18,0,0
BRDA:235,18,1,0
BRDA:235,18,2,0
BRDA:252,19,0,0
BRDA:252,19,1,0
BRDA:254,20,0,0
BRDA:254,20,1,0
BRDA:269,21,0,0
BRDA:269,21,1,0
BRDA:337,22,0,0
BRDA:337,22,1,0
BRDA:373,23,0,0
BRDA:373,23,1,0
BRDA:374,24,0,0
BRDA:374,24,1,0
BRDA:64,25,0,0
BRDA:64,25,1,1
BRF:55
BRH:1
end_of_record
TN:
SF:src\services\scheduleService.ts
FN:47,(anonymous_1)
FN:52,(anonymous_2)
FN:172,(anonymous_3)
FN:173,(anonymous_4)
FN:176,(anonymous_5)
FN:179,(anonymous_6)
FN:183,(anonymous_7)
FN:184,(anonymous_8)
FN:187,(anonymous_9)
FN:190,(anonymous_10)
FN:194,(anonymous_11)
FN:201,(anonymous_12)
FN:206,(anonymous_13)
FN:211,(anonymous_14)
FN:215,(anonymous_15)
FN:230,(anonymous_16)
FN:231,(anonymous_17)
FN:246,(anonymous_18)
FN:247,(anonymous_19)
FN:257,(anonymous_20)
FN:263,(anonymous_21)
FN:274,(anonymous_22)
FN:279,(anonymous_23)
FN:285,(anonymous_24)
FN:287,(anonymous_25)
FN:291,(anonymous_26)
FN:305,(anonymous_27)
FN:314,(anonymous_28)
FN:318,(anonymous_29)
FN:334,(anonymous_30)
FN:340,(anonymous_31)
FN:341,(anonymous_32)
FN:342,(anonymous_33)
FN:348,(anonymous_34)
FN:357,(anonymous_35)
FN:360,(anonymous_36)
FN:361,(anonymous_37)
FN:365,(anonymous_38)
FN:366,(anonymous_39)
FN:370,(anonymous_40)
FN:379,(anonymous_41)
FN:386,(anonymous_42)
FN:391,(anonymous_43)
FNF:43
FNH:0
FNDA:0,(anonymous_1)
FNDA:0,(anonymous_2)
FNDA:0,(anonymous_3)
FNDA:0,(anonymous_4)
FNDA:0,(anonymous_5)
FNDA:0,(anonymous_6)
FNDA:0,(anonymous_7)
FNDA:0,(anonymous_8)
FNDA:0,(anonymous_9)
FNDA:0,(anonymous_10)
FNDA:0,(anonymous_11)
FNDA:0,(anonymous_12)
FNDA:0,(anonymous_13)
FNDA:0,(anonymous_14)
FNDA:0,(anonymous_15)
FNDA:0,(anonymous_16)
FNDA:0,(anonymous_17)
FNDA:0,(anonymous_18)
FNDA:0,(anonymous_19)
FNDA:0,(anonymous_20)
FNDA:0,(anonymous_21)
FNDA:0,(anonymous_22)
FNDA:0,(anonymous_23)
FNDA:0,(anonymous_24)
FNDA:0,(anonymous_25)
FNDA:0,(anonymous_26)
FNDA:0,(anonymous_27)
FNDA:0,(anonymous_28)
FNDA:0,(anonymous_29)
FNDA:0,(anonymous_30)
FNDA:0,(anonymous_31)
FNDA:0,(anonymous_32)
FNDA:0,(anonymous_33)
FNDA:0,(anonymous_34)
FNDA:0,(anonymous_35)
FNDA:0,(anonymous_36)
FNDA:0,(anonymous_37)
FNDA:0,(anonymous_38)
FNDA:0,(anonymous_39)
FNDA:0,(anonymous_40)
FNDA:0,(anonymous_41)
FNDA:0,(anonymous_42)
FNDA:0,(anonymous_43)
DA:43,0
DA:44,0
DA:45,0
DA:48,0
DA:53,0
DA:56,0
DA:133,0
DA:173,0
DA:175,0
DA:176,0
DA:179,0
DA:184,0
DA:186,0
DA:187,0
DA:190,0
DA:195,0
DA:196,0
DA:200,0
DA:201,0
DA:207,0
DA:211,0
DA:216,0
DA:223,0
DA:224,0
DA:226,0
DA:231,0
DA:233,0
DA:235,0
DA:241,0
DA:242,0
DA:247,0
DA:248,0
DA:253,0
DA:258,0
DA:259,0
DA:264,0
DA:270,0
DA:275,0
DA:276,0
DA:278,0
DA:279,0
DA:280,0
DA:284,0
DA:285,0
DA:287,0
DA:292,0
DA:293,0
DA:296,0
DA:297,0
DA:298,0
DA:301,0
DA:302,0
DA:305,0
DA:306,0
DA:308,0
DA:311,0
DA:312,0
DA:314,0
DA:326,0
DA:330,0
DA:331,0
DA:332,0
DA:334,0
DA:335,0
DA:338,0
DA:340,0
DA:341,0
DA:342,0
DA:345,0
DA:346,0
DA:348,0
DA:353,0
DA:358,0
DA:360,0
DA:361,0
DA:366,0
DA:371,0
DA:380,0
DA:387,0
DA:392,0
DA:393,0
DA:395,0
DA:396,0
DA:397,0
DA:399,0
DA:400,0
DA:404,0
DA:408,0
LF:88
LH:0
BRDA:175,0,0,0
BRDA:175,0,1,0
BRDA:175,1,0,0
BRDA:175,1,1,0
BRDA:176,2,0,0
BRDA:176,2,1,0
BRDA:186,3,0,0
BRDA:186,3,1,0
BRDA:186,4,0,0
BRDA:186,4,1,0
BRDA:187,5,0,0
BRDA:187,5,1,0
BRDA:194,6,0,0
BRDA:196,7,0,0
BRDA:196,7,1,0
BRDA:201,8,0,0
BRDA:201,8,1,0
BRDA:206,9,0,0
BRDA:207,10,0,0
BRDA:207,10,1,0
BRDA:233,11,0,0
BRDA:233,11,1,0
BRDA:250,12,0,0
BRDA:250,12,1,0
BRDA:250,13,0,0
BRDA:250,13,1,0
BRDA:276,14,0,0
BRDA:276,14,1,0
BRDA:280,15,0,0
BRDA:280,15,1,0
BRDA:293,16,0,0
BRDA:293,16,1,0
BRDA:298,17,0,0
BRDA:298,17,1,0
BRDA:302,18,0,0
BRDA:302,18,1,0
BRDA:308,19,0,0
BRDA:308,19,1,0
BRDA:318,20,0,0
BRDA:326,21,0,0
BRDA:326,21,1,0
BRDA:335,22,0,0
BRDA:335,22,1,0
BRDA:335,22,2,0
BRDA:340,23,0,0
BRDA:340,23,1,0
BRDA:345,24,0,0
BRDA:345,24,1,0
BRDA:391,25,0,0
BRDA:399,26,0,0
BRDA:399,26,1,0
BRF:51
BRH:0
end_of_record
TN:
SF:src\theme\enduranceTheme.tsx
FN:67,(anonymous_7)
FN:219,EnduranceThemeProvider
FNF:2
FNH:0
FNDA:0,(anonymous_7)
FNDA:0,EnduranceThemeProvider
DA:3,0
DA:4,0
DA:5,0
DA:8,0
DA:64,0
DA:67,0
DA:68,0
DA:69,0
DA:72,0
DA:211,0
DA:219,0
DA:220,0
DA:231,0
DA:233,0
LF:14
LH:0
BRDA:68,0,0,0
BRDA:68,0,1,0
BRDA:231,1,0,0
BRDA:231,1,1,0
BRF:4
BRH:0
end_of_record
